#! /c/Source/iverilog-install/bin/vvp
:ivl_version "12.0 (devel)" "(s20150603-1539-g2693dd32b)";
:ivl_delay_selection "TYPICAL";
:vpi_time_precision + 0;
:vpi_module "C:\iverilog\lib\ivl\system.vpi";
:vpi_module "C:\iverilog\lib\ivl\vhdl_sys.vpi";
:vpi_module "C:\iverilog\lib\ivl\vhdl_textio.vpi";
:vpi_module "C:\iverilog\lib\ivl\v2005_math.vpi";
:vpi_module "C:\iverilog\lib\ivl\va_math.vpi";
S_00000234e5df9580 .scope module, "test_and" "test_and" 2 5;
 .timescale 0 0;
v00000234e5dfbc30_0 .var "a", 0 0;
v00000234e5dfbcd0_0 .var "b", 0 0;
v00000234e5e82ce0_0 .net "y", 0 0, L_00000234e5eb5c40;  1 drivers
S_00000234e5dfba00 .scope module, "uut" "and_gate" 2 9, 2 1 0, S_00000234e5df9580;
 .timescale 0 0;
    .port_info 0 /INPUT 1 "a";
    .port_info 1 /INPUT 1 "b";
    .port_info 2 /OUTPUT 1 "y";
L_00000234e5eb5c40 .functor AND 1, v00000234e5dfbc30_0, v00000234e5dfbcd0_0, C4<1>, C4<1>;
v00000234e5e83580_0 .net "a", 0 0, v00000234e5dfbc30_0;  1 drivers
v00000234e5df93a0_0 .net "b", 0 0, v00000234e5dfbcd0_0;  1 drivers
v00000234e5dfbb90_0 .net "y", 0 0, L_00000234e5eb5c40;  alias, 1 drivers
    .scope S_00000234e5df9580;
T_0 ;
    %vpi_call 2 12 "$dumpfile", "and.vcd" {0 0 0};
    %vpi_call 2 13 "$dumpvars", 32'sb00000000000000000000000000000000, S_00000234e5df9580 {0 0 0};
    %end;
    .thread T_0;
    .scope S_00000234e5df9580;
T_1 ;
    %vpi_call 2 17 "$display", "A B | Y" {0 0 0};
    %vpi_call 2 18 "$display", "------------" {0 0 0};
    %pushi/vec4 0, 0, 1;
    %store/vec4 v00000234e5dfbc30_0, 0, 1;
    %pushi/vec4 0, 0, 1;
    %store/vec4 v00000234e5dfbcd0_0, 0, 1;
    %delay 10, 0;
    %vpi_call 2 20 "$display", "%b %b | %b", v00000234e5dfbc30_0, v00000234e5dfbcd0_0, v00000234e5e82ce0_0 {0 0 0};
    %pushi/vec4 0, 0, 1;
    %store/vec4 v00000234e5dfbc30_0, 0, 1;
    %pushi/vec4 1, 0, 1;
    %store/vec4 v00000234e5dfbcd0_0, 0, 1;
    %delay 10, 0;
    %vpi_call 2 21 "$display", "%b %b | %b", v00000234e5dfbc30_0, v00000234e5dfbcd0_0, v00000234e5e82ce0_0 {0 0 0};
    %pushi/vec4 1, 0, 1;
    %store/vec4 v00000234e5dfbc30_0, 0, 1;
    %pushi/vec4 0, 0, 1;
    %store/vec4 v00000234e5dfbcd0_0, 0, 1;
    %delay 10, 0;
    %vpi_call 2 22 "$display", "%b %b | %b", v00000234e5dfbc30_0, v00000234e5dfbcd0_0, v00000234e5e82ce0_0 {0 0 0};
    %pushi/vec4 1, 0, 1;
    %store/vec4 v00000234e5dfbc30_0, 0, 1;
    %pushi/vec4 1, 0, 1;
    %store/vec4 v00000234e5dfbcd0_0, 0, 1;
    %delay 10, 0;
    %vpi_call 2 23 "$display", "%b %b | %b", v00000234e5dfbc30_0, v00000234e5dfbcd0_0, v00000234e5e82ce0_0 {0 0 0};
    %vpi_call 2 25 "$finish" {0 0 0};
    %end;
    .thread T_1;
# The file index is used to find the file name in the following table.
:file_names 3;
    "N/A";
    "<interactive>";
    "and.v";
