#! /c/Source/iverilog-install/bin/vvp
:ivl_version "12.0 (devel)" "(s20150603-1110-g18392a46)";
:ivl_delay_selection "TYPICAL";
:vpi_time_precision + 0;
:vpi_module "C:\iverilog\lib\ivl\system.vpi";
:vpi_module "C:\iverilog\lib\ivl\vhdl_sys.vpi";
:vpi_module "C:\iverilog\lib\ivl\vhdl_textio.vpi";
:vpi_module "C:\iverilog\lib\ivl\v2005_math.vpi";
:vpi_module "C:\iverilog\lib\ivl\va_math.vpi";
S_000001dbfff2e8d0 .scope module, "BoothMultiplier_tb" "BoothMultiplier_tb" 2 108;
 .timescale 0 0;
v000001db800c1d80_0 .net "LdA", 0 0, v000001db800c2000_0;  1 drivers
v000001db800c25a0_0 .net "LdM", 0 0, v000001db800c2140_0;  1 drivers
v000001db800c32c0_0 .net "LdQ", 0 0, v000001db800c1b00_0;  1 drivers
v000001db800c2820_0 .net "addsub", 0 0, v000001db800c20a0_0;  1 drivers
v000001db800c2960_0 .var "clk", 0 0;
v000001db800c2c80_0 .net "clrA", 0 0, v000001db800c1e20_0;  1 drivers
v000001db800c3220_0 .net "clrff", 0 0, v000001db800c2be0_0;  1 drivers
v000001db800c2d20_0 .net "clrq", 0 0, v000001db800c2500_0;  1 drivers
v000001db800c2dc0_0 .var "data_in", 15 0;
v000001db800c3040_0 .net "decr", 0 0, v000001db800c3720_0;  1 drivers
v000001db800c3180_0 .net "done", 0 0, v000001db800c28c0_0;  1 drivers
v000001db800c2e60_0 .net "eqz", 0 0, L_000001db800c3bb0;  1 drivers
v000001db800c2f00_0 .net "ldcnt", 0 0, v000001db800c3860_0;  1 drivers
o000001db8006d388 .functor BUFZ 1, C4<z>; HiZ drive
v000001db800c2fa0_0 .net "q0", 0 0, o000001db8006d388;  0 drivers
v000001db800c3360_0 .net "qm1", 0 0, v000001db800bf430_0;  1 drivers
v000001db800c48d0_0 .net "sftA", 0 0, v000001db800c21e0_0;  1 drivers
v000001db800c57d0_0 .net "sftQ", 0 0, v000001db800c2280_0;  1 drivers
v000001db800c45b0_0 .var "start", 0 0;
S_000001dbfff2ea60 .scope module, "BM" "boothmultiplier" 2 112, 2 1 0, S_000001dbfff2e8d0;
 .timescale 0 0;
    .port_info 0 /INPUT 1 "LdA";
    .port_info 1 /INPUT 1 "LdQ";
    .port_info 2 /INPUT 1 "LdM";
    .port_info 3 /INPUT 1 "clrA";
    .port_info 4 /INPUT 1 "clrq";
    .port_info 5 /INPUT 1 "clrff";
    .port_info 6 /INPUT 1 "sftA";
    .port_info 7 /INPUT 1 "sftQ";
    .port_info 8 /INPUT 1 "addsub";
    .port_info 9 /INPUT 1 "ldcnt";
    .port_info 10 /INPUT 16 "data_in";
    .port_info 11 /INPUT 1 "decr";
    .port_info 12 /INPUT 1 "clk";
    .port_info 13 /OUTPUT 1 "q0";
    .port_info 14 /OUTPUT 1 "qm1";
    .port_info 15 /OUTPUT 1 "eqz";
v000001db800bed50_0 .net "A", 15 0, v000001db8006c5a0_0;  1 drivers
v000001db800bf070_0 .net "LdA", 0 0, v000001db800c2000_0;  alias, 1 drivers
v000001db800bedf0_0 .net "LdM", 0 0, v000001db800c2140_0;  alias, 1 drivers
v000001db800bf110_0 .net "LdQ", 0 0, v000001db800c1b00_0;  alias, 1 drivers
v000001db800bf1b0_0 .net "M", 15 0, v000001db800beb70_0;  1 drivers
v000001db800c39a0_0 .net "Q", 15 0, v000001db800bf4d0_0;  1 drivers
v000001db800c3400_0 .net "Z", 15 0, v000001db800bf750_0;  1 drivers
v000001db800c26e0_0 .net "addsub", 0 0, v000001db800c20a0_0;  alias, 1 drivers
v000001db800c35e0_0 .net "clk", 0 0, v000001db800c2960_0;  1 drivers
v000001db800c2640_0 .net "clrA", 0 0, v000001db800c1e20_0;  alias, 1 drivers
o000001db8006d0e8 .functor BUFZ 1, C4<z>; HiZ drive
v000001db800c2aa0_0 .net "clrQ", 0 0, o000001db8006d0e8;  0 drivers
v000001db800c30e0_0 .net "clrff", 0 0, v000001db800c2be0_0;  alias, 1 drivers
v000001db800c34a0_0 .net "clrq", 0 0, v000001db800c2500_0;  alias, 1 drivers
v000001db800c1ec0_0 .net "count", 4 0, v000001db800bf890_0;  1 drivers
v000001db800c2a00_0 .net "data_in", 15 0, v000001db800c2dc0_0;  1 drivers
v000001db800c2b40_0 .net "decr", 0 0, v000001db800c3720_0;  alias, 1 drivers
v000001db800c3540_0 .net "eqz", 0 0, L_000001db800c3bb0;  alias, 1 drivers
v000001db800c23c0_0 .net "ldcnt", 0 0, v000001db800c3860_0;  alias, 1 drivers
v000001db800c2460_0 .net "q0", 0 0, o000001db8006d388;  alias, 0 drivers
v000001db800c1ba0_0 .net "qm1", 0 0, v000001db800bf430_0;  alias, 1 drivers
v000001db800c3680_0 .net "sftA", 0 0, v000001db800c21e0_0;  alias, 1 drivers
v000001db800c1f60_0 .net "sftQ", 0 0, v000001db800c2280_0;  alias, 1 drivers
L_000001db800c3bb0 .reduce/nor v000001db800bf890_0;
L_000001db800c40b0 .part v000001db8006c5a0_0, 15, 1;
L_000001db800c4290 .part v000001db8006c5a0_0, 0, 1;
L_000001db800c4970 .part v000001db800bf4d0_0, 0, 1;
S_000001dbfff2ebf0 .scope module, "AR" "shiftreg" 2 9, 2 16 0, S_000001dbfff2ea60;
 .timescale 0 0;
    .port_info 0 /INPUT 1 "ld";
    .port_info 1 /INPUT 1 "clr";
    .port_info 2 /INPUT 16 "din";
    .port_info 3 /INPUT 1 "sft";
    .port_info 4 /OUTPUT 16 "dout";
    .port_info 5 /INPUT 1 "clk";
    .port_info 6 /INPUT 1 "s_in";
v000001db80043d00_0 .net "clk", 0 0, v000001db800c2960_0;  alias, 1 drivers
v000001db8003ff50_0 .net "clr", 0 0, v000001db800c1e20_0;  alias, 1 drivers
v000001db800410a0_0 .net "din", 15 0, v000001db800bf750_0;  alias, 1 drivers
v000001db8006c5a0_0 .var "dout", 15 0;
v000001db8004c7c0_0 .net "ld", 0 0, v000001db800c2000_0;  alias, 1 drivers
v000001db8004fc10_0 .net "s_in", 0 0, L_000001db800c40b0;  1 drivers
v000001db8004fcb0_0 .net "sft", 0 0, v000001db800c21e0_0;  alias, 1 drivers
E_000001db8003aed0 .event posedge, v000001db80043d00_0;
S_000001db8004fd50 .scope module, "AS" "addsum" 2 12, 2 47 0, S_000001dbfff2ea60;
 .timescale 0 0;
    .port_info 0 /OUTPUT 16 "out";
    .port_info 1 /INPUT 16 "in1";
    .port_info 2 /INPUT 16 "in2";
    .port_info 3 /INPUT 1 "addsub";
v000001db8004fee0_0 .net "addsub", 0 0, v000001db800c20a0_0;  alias, 1 drivers
v000001db8004ff80_0 .net "in1", 15 0, v000001db8006c5a0_0;  alias, 1 drivers
v000001db80050020_0 .net "in2", 15 0, v000001db800beb70_0;  alias, 1 drivers
v000001db800bf750_0 .var "out", 15 0;
E_000001db8003b750 .event anyedge, v000001db8004fee0_0, v000001db8006c5a0_0, v000001db80050020_0;
S_000001db8004a8f0 .scope module, "CN" "CNTR" 2 14, 2 59 0, S_000001dbfff2ea60;
 .timescale 0 0;
    .port_info 0 /INPUT 1 "ldcnt";
    .port_info 1 /INPUT 1 "clk";
    .port_info 2 /INPUT 1 "decr";
    .port_info 3 /OUTPUT 5 "count";
v000001db800bef30_0 .net "clk", 0 0, v000001db800c2960_0;  alias, 1 drivers
v000001db800bf890_0 .var "count", 4 0;
v000001db800bf930_0 .net "decr", 0 0, v000001db800c3720_0;  alias, 1 drivers
v000001db800bf250_0 .net "ldcnt", 0 0, v000001db800c3860_0;  alias, 1 drivers
S_000001db8004aa80 .scope module, "MR" "PIPO" 2 13, 2 30 0, S_000001dbfff2ea60;
 .timescale 0 0;
    .port_info 0 /INPUT 1 "ld";
    .port_info 1 /INPUT 16 "din";
    .port_info 2 /OUTPUT 16 "dout";
    .port_info 3 /INPUT 1 "clk";
v000001db800bead0_0 .net "clk", 0 0, v000001db800c2960_0;  alias, 1 drivers
v000001db800bf9d0_0 .net "din", 15 0, v000001db800c2dc0_0;  alias, 1 drivers
v000001db800beb70_0 .var "dout", 15 0;
v000001db800bee90_0 .net "ld", 0 0, v000001db800c2140_0;  alias, 1 drivers
S_000001db8004ac10 .scope module, "QM1" "dff" 2 11, 2 38 0, S_000001dbfff2ea60;
 .timescale 0 0;
    .port_info 0 /INPUT 1 "d";
    .port_info 1 /OUTPUT 1 "q";
    .port_info 2 /INPUT 1 "clk";
    .port_info 3 /INPUT 1 "clr";
v000001db800befd0_0 .net "clk", 0 0, v000001db800c2960_0;  alias, 1 drivers
v000001db800bf7f0_0 .net "clr", 0 0, v000001db800c2be0_0;  alias, 1 drivers
v000001db800bf6b0_0 .net "d", 0 0, L_000001db800c4970;  1 drivers
v000001db800bf430_0 .var "q", 0 0;
S_000001db80051690 .scope module, "QR" "shiftreg" 2 10, 2 16 0, S_000001dbfff2ea60;
 .timescale 0 0;
    .port_info 0 /INPUT 1 "ld";
    .port_info 1 /INPUT 1 "clr";
    .port_info 2 /INPUT 16 "din";
    .port_info 3 /INPUT 1 "sft";
    .port_info 4 /OUTPUT 16 "dout";
    .port_info 5 /INPUT 1 "clk";
    .port_info 6 /INPUT 1 "s_in";
v000001db800bf2f0_0 .net "clk", 0 0, v000001db800c2960_0;  alias, 1 drivers
v000001db800bf390_0 .net "clr", 0 0, o000001db8006d0e8;  alias, 0 drivers
v000001db800bec10_0 .net "din", 15 0, v000001db800c2dc0_0;  alias, 1 drivers
v000001db800bf4d0_0 .var "dout", 15 0;
v000001db800becb0_0 .net "ld", 0 0, v000001db800c1b00_0;  alias, 1 drivers
v000001db800bf570_0 .net "s_in", 0 0, L_000001db800c4290;  1 drivers
v000001db800bf610_0 .net "sft", 0 0, v000001db800c2280_0;  alias, 1 drivers
S_000001db80051930 .scope module, "CL" "controller" 2 113, 2 70 0, S_000001dbfff2e8d0;
 .timescale 0 0;
    .port_info 0 /OUTPUT 1 "LdA";
    .port_info 1 /OUTPUT 1 "LdQ";
    .port_info 2 /OUTPUT 1 "LdM";
    .port_info 3 /OUTPUT 1 "clrA";
    .port_info 4 /OUTPUT 1 "clrQ";
    .port_info 5 /OUTPUT 1 "clrff";
    .port_info 6 /OUTPUT 1 "sftA";
    .port_info 7 /OUTPUT 1 "sftQ";
    .port_info 8 /OUTPUT 1 "addsub";
    .port_info 9 /OUTPUT 1 "ldcnt";
    .port_info 10 /OUTPUT 1 "decr";
    .port_info 11 /OUTPUT 1 "done";
    .port_info 12 /INPUT 1 "clk";
    .port_info 13 /INPUT 1 "Q0";
    .port_info 14 /INPUT 1 "qm1";
    .port_info 15 /INPUT 1 "eqz";
    .port_info 16 /INPUT 1 "start";
P_000001db800617b0 .param/l "s0" 0 2 74, C4<000>;
P_000001db800617e8 .param/l "s1" 0 2 74, C4<001>;
P_000001db80061820 .param/l "s2" 0 2 74, C4<010>;
P_000001db80061858 .param/l "s3" 0 2 74, C4<011>;
P_000001db80061890 .param/l "s4" 0 2 74, C4<100>;
P_000001db800618c8 .param/l "s5" 0 2 74, C4<101>;
P_000001db80061900 .param/l "s6" 0 2 74, C4<110>;
v000001db800c2000_0 .var "LdA", 0 0;
v000001db800c2140_0 .var "LdM", 0 0;
v000001db800c1b00_0 .var "LdQ", 0 0;
v000001db800c1c40_0 .net "Q0", 0 0, o000001db8006d388;  alias, 0 drivers
v000001db800c20a0_0 .var "addsub", 0 0;
v000001db800c1ce0_0 .net "clk", 0 0, v000001db800c2960_0;  alias, 1 drivers
v000001db800c1e20_0 .var "clrA", 0 0;
v000001db800c2500_0 .var "clrQ", 0 0;
v000001db800c2be0_0 .var "clrff", 0 0;
v000001db800c3720_0 .var "decr", 0 0;
v000001db800c28c0_0 .var "done", 0 0;
v000001db800c37c0_0 .net "eqz", 0 0, L_000001db800c3bb0;  alias, 1 drivers
v000001db800c3860_0 .var "ldcnt", 0 0;
v000001db800c3900_0 .net "qm1", 0 0, v000001db800bf430_0;  alias, 1 drivers
v000001db800c21e0_0 .var "sftA", 0 0;
v000001db800c2280_0 .var "sftQ", 0 0;
v000001db800c2320_0 .net "start", 0 0, v000001db800c45b0_0;  1 drivers
v000001db800c2780_0 .var "state", 2 0;
E_000001db8003be10 .event anyedge, v000001db800c2780_0;
    .scope S_000001dbfff2ebf0;
T_0 ;
    %wait E_000001db8003aed0;
    %load/vec4 v000001db8003ff50_0;
    %flag_set/vec4 8;
    %jmp/0xz  T_0.0, 8;
    %pushi/vec4 0, 0, 16;
    %assign/vec4 v000001db8006c5a0_0, 0;
    %jmp T_0.1;
T_0.0 ;
    %load/vec4 v000001db8004c7c0_0;
    %flag_set/vec4 8;
    %jmp/0xz  T_0.2, 8;
    %load/vec4 v000001db800410a0_0;
    %assign/vec4 v000001db8006c5a0_0, 0;
    %jmp T_0.3;
T_0.2 ;
    %load/vec4 v000001db8004fcb0_0;
    %flag_set/vec4 8;
    %jmp/0xz  T_0.4, 8;
    %load/vec4 v000001db8004fc10_0;
    %load/vec4 v000001db8006c5a0_0;
    %parti/s 15, 1, 2;
    %concat/vec4; draw_concat_vec4
    %assign/vec4 v000001db8006c5a0_0, 0;
T_0.4 ;
T_0.3 ;
T_0.1 ;
    %jmp T_0;
    .thread T_0;
    .scope S_000001db80051690;
T_1 ;
    %wait E_000001db8003aed0;
    %load/vec4 v000001db800bf390_0;
    %flag_set/vec4 8;
    %jmp/0xz  T_1.0, 8;
    %pushi/vec4 0, 0, 16;
    %assign/vec4 v000001db800bf4d0_0, 0;
    %jmp T_1.1;
T_1.0 ;
    %load/vec4 v000001db800becb0_0;
    %flag_set/vec4 8;
    %jmp/0xz  T_1.2, 8;
    %load/vec4 v000001db800bec10_0;
    %assign/vec4 v000001db800bf4d0_0, 0;
    %jmp T_1.3;
T_1.2 ;
    %load/vec4 v000001db800bf610_0;
    %flag_set/vec4 8;
    %jmp/0xz  T_1.4, 8;
    %load/vec4 v000001db800bf570_0;
    %load/vec4 v000001db800bf4d0_0;
    %parti/s 15, 1, 2;
    %concat/vec4; draw_concat_vec4
    %assign/vec4 v000001db800bf4d0_0, 0;
T_1.4 ;
T_1.3 ;
T_1.1 ;
    %jmp T_1;
    .thread T_1;
    .scope S_000001db8004ac10;
T_2 ;
    %wait E_000001db8003aed0;
    %load/vec4 v000001db800bf7f0_0;
    %flag_set/vec4 8;
    %jmp/0xz  T_2.0, 8;
    %delay 1, 0;
    %pushi/vec4 0, 0, 1;
    %assign/vec4 v000001db800bf430_0, 0;
    %jmp T_2.1;
T_2.0 ;
    %delay 1, 0;
    %load/vec4 v000001db800bf6b0_0;
    %assign/vec4 v000001db800bf430_0, 0;
T_2.1 ;
    %jmp T_2;
    .thread T_2;
    .scope S_000001db8004fd50;
T_3 ;
    %wait E_000001db8003b750;
    %load/vec4 v000001db8004fee0_0;
    %pad/u 32;
    %cmpi/e 0, 0, 32;
    %jmp/0xz  T_3.0, 4;
    %load/vec4 v000001db8004ff80_0;
    %load/vec4 v000001db80050020_0;
    %nor/r;
    %pad/u 16;
    %addi 1, 0, 16;
    %add;
    %store/vec4 v000001db800bf750_0, 0, 16;
    %jmp T_3.1;
T_3.0 ;
    %load/vec4 v000001db8004ff80_0;
    %load/vec4 v000001db80050020_0;
    %add;
    %store/vec4 v000001db800bf750_0, 0, 16;
T_3.1 ;
    %jmp T_3;
    .thread T_3, $push;
    .scope S_000001db8004aa80;
T_4 ;
    %wait E_000001db8003aed0;
    %load/vec4 v000001db800bee90_0;
    %flag_set/vec4 8;
    %jmp/0xz  T_4.0, 8;
    %load/vec4 v000001db800bf9d0_0;
    %assign/vec4 v000001db800beb70_0, 0;
T_4.0 ;
    %jmp T_4;
    .thread T_4;
    .scope S_000001db8004a8f0;
T_5 ;
    %wait E_000001db8003aed0;
    %load/vec4 v000001db800bf250_0;
    %flag_set/vec4 8;
    %jmp/0xz  T_5.0, 8;
    %pushi/vec4 15, 0, 5;
    %store/vec4 v000001db800bf890_0, 0, 5;
    %jmp T_5.1;
T_5.0 ;
    %load/vec4 v000001db800bf930_0;
    %flag_set/vec4 8;
    %jmp/0xz  T_5.2, 8;
    %load/vec4 v000001db800bf890_0;
    %subi 1, 0, 5;
    %assign/vec4 v000001db800bf890_0, 0;
T_5.2 ;
T_5.1 ;
    %jmp T_5;
    .thread T_5;
    .scope S_000001db80051930;
T_6 ;
    %wait E_000001db8003aed0;
    %load/vec4 v000001db800c2780_0;
    %dup/vec4;
    %pushi/vec4 0, 0, 3;
    %cmp/u;
    %jmp/1 T_6.0, 6;
    %dup/vec4;
    %pushi/vec4 1, 0, 3;
    %cmp/u;
    %jmp/1 T_6.1, 6;
    %dup/vec4;
    %pushi/vec4 2, 0, 3;
    %cmp/u;
    %jmp/1 T_6.2, 6;
    %dup/vec4;
    %pushi/vec4 3, 0, 3;
    %cmp/u;
    %jmp/1 T_6.3, 6;
    %dup/vec4;
    %pushi/vec4 4, 0, 3;
    %cmp/u;
    %jmp/1 T_6.4, 6;
    %dup/vec4;
    %pushi/vec4 5, 0, 3;
    %cmp/u;
    %jmp/1 T_6.5, 6;
    %dup/vec4;
    %pushi/vec4 6, 0, 3;
    %cmp/u;
    %jmp/1 T_6.6, 6;
    %pushi/vec4 0, 0, 3;
    %assign/vec4 v000001db800c2780_0, 0;
    %jmp T_6.8;
T_6.0 ;
    %load/vec4 v000001db800c2320_0;
    %flag_set/vec4 8;
    %jmp/0xz  T_6.9, 8;
    %pushi/vec4 1, 0, 3;
    %assign/vec4 v000001db800c2780_0, 0;
T_6.9 ;
    %jmp T_6.8;
T_6.1 ;
    %delay 2, 0;
    %pushi/vec4 2, 0, 3;
    %assign/vec4 v000001db800c2780_0, 0;
    %jmp T_6.8;
T_6.2 ;
    %load/vec4 v000001db800c1c40_0;
    %load/vec4 v000001db800c3900_0;
    %concat/vec4; draw_concat_vec4
    %cmpi/e 1, 0, 2;
    %jmp/0xz  T_6.11, 4;
    %pushi/vec4 3, 0, 3;
    %assign/vec4 v000001db800c2780_0, 0;
    %jmp T_6.12;
T_6.11 ;
    %load/vec4 v000001db800c1c40_0;
    %load/vec4 v000001db800c3900_0;
    %concat/vec4; draw_concat_vec4
    %cmpi/e 2, 0, 2;
    %jmp/0xz  T_6.13, 4;
    %pushi/vec4 4, 0, 3;
    %assign/vec4 v000001db800c2780_0, 0;
    %jmp T_6.14;
T_6.13 ;
    %pushi/vec4 5, 0, 3;
    %assign/vec4 v000001db800c2780_0, 0;
T_6.14 ;
T_6.12 ;
    %jmp T_6.8;
T_6.3 ;
    %pushi/vec4 5, 0, 3;
    %assign/vec4 v000001db800c2780_0, 0;
    %jmp T_6.8;
T_6.4 ;
    %pushi/vec4 5, 0, 3;
    %assign/vec4 v000001db800c2780_0, 0;
    %jmp T_6.8;
T_6.5 ;
    %delay 2, 0;
    %load/vec4 v000001db800c1c40_0;
    %load/vec4 v000001db800c3900_0;
    %concat/vec4; draw_concat_vec4
    %pushi/vec4 1, 0, 2;
    %cmp/e;
    %flag_get/vec4 4;
    %load/vec4 v000001db800c37c0_0;
    %nor/r;
    %and;
    %flag_set/vec4 8;
    %jmp/0xz  T_6.15, 8;
    %pushi/vec4 3, 0, 3;
    %assign/vec4 v000001db800c2780_0, 0;
    %jmp T_6.16;
T_6.15 ;
    %load/vec4 v000001db800c1c40_0;
    %load/vec4 v000001db800c3900_0;
    %concat/vec4; draw_concat_vec4
    %pushi/vec4 2, 0, 2;
    %cmp/e;
    %flag_get/vec4 4;
    %load/vec4 v000001db800c37c0_0;
    %nor/r;
    %and;
    %flag_set/vec4 8;
    %jmp/0xz  T_6.17, 8;
    %pushi/vec4 4, 0, 3;
    %assign/vec4 v000001db800c2780_0, 0;
    %jmp T_6.18;
T_6.17 ;
    %load/vec4 v000001db800c37c0_0;
    %flag_set/vec4 8;
    %jmp/0xz  T_6.19, 8;
    %pushi/vec4 6, 0, 3;
    %assign/vec4 v000001db800c2780_0, 0;
T_6.19 ;
T_6.18 ;
T_6.16 ;
    %jmp T_6.8;
T_6.6 ;
    %pushi/vec4 6, 0, 3;
    %assign/vec4 v000001db800c2780_0, 0;
    %jmp T_6.8;
T_6.8 ;
    %pop/vec4 1;
    %jmp T_6;
    .thread T_6;
    .scope S_000001db80051930;
T_7 ;
    %wait E_000001db8003be10;
    %load/vec4 v000001db800c2780_0;
    %dup/vec4;
    %pushi/vec4 0, 0, 3;
    %cmp/u;
    %jmp/1 T_7.0, 6;
    %dup/vec4;
    %pushi/vec4 1, 0, 3;
    %cmp/u;
    %jmp/1 T_7.1, 6;
    %dup/vec4;
    %pushi/vec4 2, 0, 3;
    %cmp/u;
    %jmp/1 T_7.2, 6;
    %dup/vec4;
    %pushi/vec4 3, 0, 3;
    %cmp/u;
    %jmp/1 T_7.3, 6;
    %dup/vec4;
    %pushi/vec4 4, 0, 3;
    %cmp/u;
    %jmp/1 T_7.4, 6;
    %dup/vec4;
    %pushi/vec4 5, 0, 3;
    %cmp/u;
    %jmp/1 T_7.5, 6;
    %dup/vec4;
    %pushi/vec4 6, 0, 3;
    %cmp/u;
    %jmp/1 T_7.6, 6;
    %pushi/vec4 0, 0, 1;
    %store/vec4 v000001db800c2000_0, 0, 1;
    %pushi/vec4 0, 0, 1;
    %store/vec4 v000001db800c1e20_0, 0, 1;
    %pushi/vec4 0, 0, 1;
    %store/vec4 v000001db800c1b00_0, 0, 1;
    %pushi/vec4 0, 0, 1;
    %store/vec4 v000001db800c2500_0, 0, 1;
    %pushi/vec4 0, 0, 1;
    %store/vec4 v000001db800c2be0_0, 0, 1;
    %pushi/vec4 0, 0, 1;
    %store/vec4 v000001db800c2140_0, 0, 1;
    %jmp T_7.8;
T_7.0 ;
    %pushi/vec4 0, 0, 1;
    %store/vec4 v000001db800c2000_0, 0, 1;
    %pushi/vec4 0, 0, 1;
    %store/vec4 v000001db800c1e20_0, 0, 1;
    %pushi/vec4 0, 0, 1;
    %store/vec4 v000001db800c21e0_0, 0, 1;
    %pushi/vec4 0, 0, 1;
    %store/vec4 v000001db800c1b00_0, 0, 1;
    %pushi/vec4 0, 0, 1;
    %store/vec4 v000001db800c2500_0, 0, 1;
    %pushi/vec4 0, 0, 1;
    %store/vec4 v000001db800c2be0_0, 0, 1;
    %pushi/vec4 0, 0, 1;
    %store/vec4 v000001db800c1b00_0, 0, 1;
    %pushi/vec4 0, 0, 1;
    %store/vec4 v000001db800c2280_0, 0, 1;
    %pushi/vec4 0, 0, 1;
    %store/vec4 v000001db800c2140_0, 0, 1;
    %pushi/vec4 0, 0, 1;
    %store/vec4 v000001db800c28c0_0, 0, 1;
    %jmp T_7.8;
T_7.1 ;
    %pushi/vec4 1, 0, 1;
    %store/vec4 v000001db800c1e20_0, 0, 1;
    %pushi/vec4 1, 0, 1;
    %store/vec4 v000001db800c2be0_0, 0, 1;
    %pushi/vec4 1, 0, 1;
    %store/vec4 v000001db800c3860_0, 0, 1;
    %pushi/vec4 1, 0, 1;
    %store/vec4 v000001db800c1b00_0, 0, 1;
    %jmp T_7.8;
T_7.2 ;
    %pushi/vec4 0, 0, 1;
    %store/vec4 v000001db800c1e20_0, 0, 1;
    %pushi/vec4 0, 0, 1;
    %store/vec4 v000001db800c2be0_0, 0, 1;
    %pushi/vec4 0, 0, 1;
    %store/vec4 v000001db800c3860_0, 0, 1;
    %pushi/vec4 1, 0, 1;
    %store/vec4 v000001db800c2140_0, 0, 1;
    %pushi/vec4 0, 0, 1;
    %store/vec4 v000001db800c1b00_0, 0, 1;
    %jmp T_7.8;
T_7.3 ;
    %pushi/vec4 1, 0, 1;
    %store/vec4 v000001db800c2000_0, 0, 1;
    %pushi/vec4 1, 0, 1;
    %store/vec4 v000001db800c20a0_0, 0, 1;
    %pushi/vec4 0, 0, 1;
    %store/vec4 v000001db800c1b00_0, 0, 1;
    %pushi/vec4 0, 0, 1;
    %store/vec4 v000001db800c21e0_0, 0, 1;
    %pushi/vec4 0, 0, 1;
    %store/vec4 v000001db800c2280_0, 0, 1;
    %pushi/vec4 0, 0, 1;
    %store/vec4 v000001db800c3720_0, 0, 1;
    %jmp T_7.8;
T_7.4 ;
    %pushi/vec4 1, 0, 1;
    %store/vec4 v000001db800c2000_0, 0, 1;
    %pushi/vec4 0, 0, 1;
    %store/vec4 v000001db800c1b00_0, 0, 1;
    %pushi/vec4 0, 0, 1;
    %store/vec4 v000001db800c21e0_0, 0, 1;
    %pushi/vec4 0, 0, 1;
    %store/vec4 v000001db800c2280_0, 0, 1;
    %pushi/vec4 0, 0, 1;
    %store/vec4 v000001db800c3720_0, 0, 1;
    %pushi/vec4 0, 0, 1;
    %store/vec4 v000001db800c20a0_0, 0, 1;
    %jmp T_7.8;
T_7.5 ;
    %pushi/vec4 0, 0, 1;
    %store/vec4 v000001db800c2000_0, 0, 1;
    %pushi/vec4 1, 0, 1;
    %store/vec4 v000001db800c21e0_0, 0, 1;
    %pushi/vec4 0, 0, 1;
    %store/vec4 v000001db800c1b00_0, 0, 1;
    %pushi/vec4 1, 0, 1;
    %store/vec4 v000001db800c2280_0, 0, 1;
    %pushi/vec4 1, 0, 1;
    %store/vec4 v000001db800c3720_0, 0, 1;
    %jmp T_7.8;
T_7.6 ;
    %pushi/vec4 1, 0, 1;
    %store/vec4 v000001db800c28c0_0, 0, 1;
    %jmp T_7.8;
T_7.8 ;
    %pop/vec4 1;
    %jmp T_7;
    .thread T_7, $push;
    .scope S_000001dbfff2e8d0;
T_8 ;
    %pushi/vec4 0, 0, 1;
    %store/vec4 v000001db800c2960_0, 0, 1;
    %delay 7, 0;
    %pushi/vec4 1, 0, 1;
    %store/vec4 v000001db800c45b0_0, 0, 1;
    %end;
    .thread T_8;
    .scope S_000001dbfff2e8d0;
T_9 ;
    %delay 5, 0;
    %load/vec4 v000001db800c2960_0;
    %inv;
    %store/vec4 v000001db800c2960_0, 0, 1;
    %jmp T_9;
    .thread T_9;
    .scope S_000001dbfff2e8d0;
T_10 ;
    %delay 10, 0;
    %pushi/vec4 3, 0, 16;
    %store/vec4 v000001db800c2dc0_0, 0, 16;
    %delay 20, 0;
    %pushi/vec4 7, 0, 16;
    %store/vec4 v000001db800c2dc0_0, 0, 16;
    %end;
    .thread T_10;
    .scope S_000001dbfff2e8d0;
T_11 ;
    %vpi_call 2 127 "$monitor", $time, "%d %d", v000001db800c1ec0_0, v000001db800c3180_0 {0 0 0};
    %vpi_call 2 128 "$dumpfile", "booth.vcd" {0 0 0};
    %vpi_call 2 129 "$dumpvars", 32'sb00000000000000000000000000000000, S_000001dbfff2e8d0 {0 0 0};
    %delay 188, 0;
    %vpi_call 2 130 "$finish" {0 0 0};
    %end;
    .thread T_11;
# The file index is used to find the file name in the following table.
:file_names 3;
    "N/A";
    "<interactive>";
    "booth.v";
