#! /c/Source/iverilog-install/bin/vvp
:ivl_version "12.0 (devel)" "(s20150603-1110-g18392a46)";
:ivl_delay_selection "TYPICAL";
:vpi_time_precision + 0;
:vpi_module "C:\iverilog\lib\ivl\system.vpi";
:vpi_module "C:\iverilog\lib\ivl\vhdl_sys.vpi";
:vpi_module "C:\iverilog\lib\ivl\vhdl_textio.vpi";
:vpi_module "C:\iverilog\lib\ivl\v2005_math.vpi";
:vpi_module "C:\iverilog\lib\ivl\va_math.vpi";
S_0000016bcb525070 .scope module, "BoothMultiplier_tb" "BoothMultiplier_tb" 2 135;
 .timescale 0 0;
v0000016bcb5a0320_0 .net "LdA", 0 0, v0000016bcb59fec0_0;  1 drivers
v0000016bcb59eb60_0 .net "LdM", 0 0, v0000016bcb5a00a0_0;  1 drivers
v0000016bcb5a01e0_0 .net "LdQ", 0 0, v0000016bcb59f060_0;  1 drivers
v0000016bcb5a03c0_0 .net "addsub", 0 0, v0000016bcb59fc40_0;  1 drivers
v0000016bcb5a0820_0 .var "clk", 0 0;
v0000016bcb59eac0_0 .net "clrA", 0 0, v0000016bcb5a0460_0;  1 drivers
v0000016bcb59ec00_0 .net "clrQ", 0 0, v0000016bcb5a0500_0;  1 drivers
v0000016bcb59ef20_0 .net "clrff", 0 0, v0000016bcb59f7e0_0;  1 drivers
v0000016bcb59efc0_0 .var "data_in", 15 0;
v0000016bcb59f100_0 .net "decr", 0 0, v0000016bcb5a05a0_0;  1 drivers
v0000016bcb59f1a0_0 .net "done", 0 0, v0000016bcb59f920_0;  1 drivers
v0000016bcb59f2e0_0 .net "eqz", 0 0, L_0000016bcb5a25b0;  1 drivers
v0000016bcb59f240_0 .net "ldcnt", 0 0, v0000016bcb59ff60_0;  1 drivers
v0000016bcb5a0d50_0 .net "q0", 0 0, L_0000016bcb5a11b0;  1 drivers
v0000016bcb5a0b70_0 .net "qm1", 0 0, v0000016bcb59d2c0_0;  1 drivers
v0000016bcb5a2330_0 .net "sftA", 0 0, v0000016bcb5a0640_0;  1 drivers
v0000016bcb5a0c10_0 .net "sftQ", 0 0, v0000016bcb5a0780_0;  1 drivers
v0000016bcb5a2150_0 .var "start", 0 0;
S_0000016bcb528ff0 .scope module, "BM" "boothmultiplier" 2 145, 2 1 0, S_0000016bcb525070;
 .timescale 0 0;
    .port_info 0 /INPUT 1 "LdA";
    .port_info 1 /INPUT 1 "LdQ";
    .port_info 2 /INPUT 1 "LdM";
    .port_info 3 /INPUT 1 "clrA";
    .port_info 4 /INPUT 1 "clrQ";
    .port_info 5 /INPUT 1 "clrff";
    .port_info 6 /INPUT 1 "sftA";
    .port_info 7 /INPUT 1 "sftQ";
    .port_info 8 /INPUT 1 "addsub";
    .port_info 9 /INPUT 1 "ldcnt";
    .port_info 10 /INPUT 16 "data_in";
    .port_info 11 /INPUT 1 "decr";
    .port_info 12 /INPUT 1 "clk";
    .port_info 13 /OUTPUT 1 "q0";
    .port_info 14 /OUTPUT 1 "qm1";
    .port_info 15 /OUTPUT 1 "eqz";
v0000016bcb59d680_0 .net "A", 15 0, v0000016bcb5231d0_0;  1 drivers
v0000016bcb59cdc0_0 .net "LdA", 0 0, v0000016bcb59fec0_0;  alias, 1 drivers
v0000016bcb59ce60_0 .net "LdM", 0 0, v0000016bcb5a00a0_0;  alias, 1 drivers
v0000016bcb59d720_0 .net "LdQ", 0 0, v0000016bcb59f060_0;  alias, 1 drivers
v0000016bcb59d860_0 .net "M", 15 0, v0000016bcb59d7c0_0;  1 drivers
v0000016bcb5a0140_0 .net "Q", 15 0, v0000016bcb59d360_0;  1 drivers
v0000016bcb5a06e0_0 .net "Z", 15 0, v0000016bcb59d0e0_0;  1 drivers
v0000016bcb59fe20_0 .net *"_ivl_2", 31 0, L_0000016bcb5a2830;  1 drivers
L_0000016bcb760088 .functor BUFT 1, C4<000000000000000000000000000>, C4<0>, C4<0>, C4<0>;
v0000016bcb59fd80_0 .net *"_ivl_5", 26 0, L_0000016bcb760088;  1 drivers
L_0000016bcb7600d0 .functor BUFT 1, C4<00000000000000000000000000000000>, C4<0>, C4<0>, C4<0>;
v0000016bcb59f420_0 .net/2u *"_ivl_6", 31 0, L_0000016bcb7600d0;  1 drivers
v0000016bcb59f600_0 .net "addsub", 0 0, v0000016bcb59fc40_0;  alias, 1 drivers
v0000016bcb59f880_0 .net "clk", 0 0, v0000016bcb5a0820_0;  1 drivers
v0000016bcb59f380_0 .net "clrA", 0 0, v0000016bcb5a0460_0;  alias, 1 drivers
v0000016bcb59fa60_0 .net "clrQ", 0 0, v0000016bcb5a0500_0;  alias, 1 drivers
v0000016bcb59ee80_0 .net "clrff", 0 0, v0000016bcb59f7e0_0;  alias, 1 drivers
v0000016bcb59f4c0_0 .var "count", 4 0;
v0000016bcb59fce0_0 .net "data_in", 15 0, v0000016bcb59efc0_0;  1 drivers
v0000016bcb59ed40_0 .net "decr", 0 0, v0000016bcb5a05a0_0;  alias, 1 drivers
v0000016bcb5a08c0_0 .net "eqz", 0 0, L_0000016bcb5a25b0;  alias, 1 drivers
v0000016bcb59eca0_0 .net "ldcnt", 0 0, v0000016bcb59ff60_0;  alias, 1 drivers
v0000016bcb59ede0_0 .net "q0", 0 0, L_0000016bcb5a11b0;  alias, 1 drivers
v0000016bcb5a0280_0 .net "qm1", 0 0, v0000016bcb59d2c0_0;  alias, 1 drivers
v0000016bcb59f6a0_0 .net "sftA", 0 0, v0000016bcb5a0640_0;  alias, 1 drivers
v0000016bcb5a0000_0 .net "sftQ", 0 0, v0000016bcb5a0780_0;  alias, 1 drivers
L_0000016bcb5a11b0 .part v0000016bcb59d360_0, 0, 1;
L_0000016bcb5a2830 .concat [ 5 27 0 0], v0000016bcb59f4c0_0, L_0000016bcb760088;
L_0000016bcb5a25b0 .cmp/eq 32, L_0000016bcb5a2830, L_0000016bcb7600d0;
L_0000016bcb5a1ed0 .part v0000016bcb5231d0_0, 15, 1;
L_0000016bcb5a16b0 .part v0000016bcb5231d0_0, 0, 1;
L_0000016bcb5a2510 .part v0000016bcb59d360_0, 0, 1;
S_0000016bcb529290 .scope module, "AR" "shiftreg" 2 17, 2 33 0, S_0000016bcb528ff0;
 .timescale 0 0;
    .port_info 0 /INPUT 1 "ld";
    .port_info 1 /INPUT 1 "clr";
    .port_info 2 /INPUT 16 "din";
    .port_info 3 /INPUT 1 "sft";
    .port_info 4 /OUTPUT 16 "dout";
    .port_info 5 /INPUT 1 "clk";
    .port_info 6 /INPUT 1 "s_in";
v0000016bcb529420_0 .net "clk", 0 0, v0000016bcb5a0820_0;  alias, 1 drivers
v0000016bcb524610_0 .net "clr", 0 0, v0000016bcb5a0460_0;  alias, 1 drivers
v0000016bcb523010_0 .net "din", 15 0, v0000016bcb59d0e0_0;  alias, 1 drivers
v0000016bcb5231d0_0 .var "dout", 15 0;
v0000016bcb52dd40_0 .net "ld", 0 0, v0000016bcb59fec0_0;  alias, 1 drivers
v0000016bcb531e40_0 .net "s_in", 0 0, L_0000016bcb5a1ed0;  1 drivers
v0000016bcb59caa0_0 .net "sft", 0 0, v0000016bcb5a0640_0;  alias, 1 drivers
E_0000016bcb548e90 .event posedge, v0000016bcb529420_0;
S_0000016bcb531ee0 .scope module, "AS" "addsum" 2 20, 2 73 0, S_0000016bcb528ff0;
 .timescale 0 0;
    .port_info 0 /OUTPUT 16 "out";
    .port_info 1 /INPUT 16 "in1";
    .port_info 2 /INPUT 16 "in2";
    .port_info 3 /INPUT 1 "addsub";
v0000016bcb59d040_0 .net "addsub", 0 0, v0000016bcb59fc40_0;  alias, 1 drivers
v0000016bcb59cd20_0 .net "in1", 15 0, v0000016bcb5231d0_0;  alias, 1 drivers
v0000016bcb59cf00_0 .net "in2", 15 0, v0000016bcb59d7c0_0;  alias, 1 drivers
v0000016bcb59d0e0_0 .var "out", 15 0;
E_0000016bcb548490 .event anyedge, v0000016bcb59d040_0, v0000016bcb5231d0_0, v0000016bcb59cf00_0;
S_0000016bcb532070 .scope module, "MR" "PIPO" 2 21, 2 49 0, S_0000016bcb528ff0;
 .timescale 0 0;
    .port_info 0 /INPUT 1 "ld";
    .port_info 1 /INPUT 16 "din";
    .port_info 2 /OUTPUT 16 "dout";
    .port_info 3 /INPUT 1 "clk";
v0000016bcb59d9a0_0 .net "clk", 0 0, v0000016bcb5a0820_0;  alias, 1 drivers
v0000016bcb59d180_0 .net "din", 15 0, v0000016bcb59efc0_0;  alias, 1 drivers
v0000016bcb59d7c0_0 .var "dout", 15 0;
v0000016bcb59d220_0 .net "ld", 0 0, v0000016bcb5a00a0_0;  alias, 1 drivers
S_0000016bcb5303c0 .scope module, "QM1" "dff" 2 19, 2 60 0, S_0000016bcb528ff0;
 .timescale 0 0;
    .port_info 0 /INPUT 1 "d";
    .port_info 1 /OUTPUT 1 "q";
    .port_info 2 /INPUT 1 "clk";
    .port_info 3 /INPUT 1 "clr";
v0000016bcb59cfa0_0 .net "clk", 0 0, v0000016bcb5a0820_0;  alias, 1 drivers
v0000016bcb59cb40_0 .net "clr", 0 0, v0000016bcb59f7e0_0;  alias, 1 drivers
v0000016bcb59cbe0_0 .net "d", 0 0, L_0000016bcb5a2510;  1 drivers
v0000016bcb59d2c0_0 .var "q", 0 0;
S_0000016bcb530550 .scope module, "QR" "shiftreg" 2 18, 2 33 0, S_0000016bcb528ff0;
 .timescale 0 0;
    .port_info 0 /INPUT 1 "ld";
    .port_info 1 /INPUT 1 "clr";
    .port_info 2 /INPUT 16 "din";
    .port_info 3 /INPUT 1 "sft";
    .port_info 4 /OUTPUT 16 "dout";
    .port_info 5 /INPUT 1 "clk";
    .port_info 6 /INPUT 1 "s_in";
v0000016bcb59cc80_0 .net "clk", 0 0, v0000016bcb5a0820_0;  alias, 1 drivers
v0000016bcb59d900_0 .net "clr", 0 0, v0000016bcb5a0500_0;  alias, 1 drivers
v0000016bcb59d400_0 .net "din", 15 0, v0000016bcb59efc0_0;  alias, 1 drivers
v0000016bcb59d360_0 .var "dout", 15 0;
v0000016bcb59d4a0_0 .net "ld", 0 0, v0000016bcb59f060_0;  alias, 1 drivers
v0000016bcb59d540_0 .net "s_in", 0 0, L_0000016bcb5a16b0;  1 drivers
v0000016bcb59d5e0_0 .net "sft", 0 0, v0000016bcb5a0780_0;  alias, 1 drivers
S_0000016bcb5306e0 .scope module, "CL" "controller" 2 151, 2 87 0, S_0000016bcb525070;
 .timescale 0 0;
    .port_info 0 /OUTPUT 1 "LdA";
    .port_info 1 /OUTPUT 1 "LdQ";
    .port_info 2 /OUTPUT 1 "LdM";
    .port_info 3 /OUTPUT 1 "clrA";
    .port_info 4 /OUTPUT 1 "clrQ";
    .port_info 5 /OUTPUT 1 "clrff";
    .port_info 6 /OUTPUT 1 "sftA";
    .port_info 7 /OUTPUT 1 "sftQ";
    .port_info 8 /OUTPUT 1 "addsub";
    .port_info 9 /OUTPUT 1 "ldcnt";
    .port_info 10 /OUTPUT 1 "decr";
    .port_info 11 /OUTPUT 1 "done";
    .port_info 12 /INPUT 1 "clk";
    .port_info 13 /INPUT 1 "Q0";
    .port_info 14 /INPUT 1 "qm1";
    .port_info 15 /INPUT 1 "eqz";
    .port_info 16 /INPUT 1 "start";
P_0000016bcb4f2ce0 .param/l "s0" 0 2 99, C4<000>;
P_0000016bcb4f2d18 .param/l "s1" 0 2 99, C4<001>;
P_0000016bcb4f2d50 .param/l "s2" 0 2 99, C4<010>;
P_0000016bcb4f2d88 .param/l "s3" 0 2 100, C4<011>;
P_0000016bcb4f2dc0 .param/l "s4" 0 2 100, C4<100>;
P_0000016bcb4f2df8 .param/l "s5" 0 2 100, C4<101>;
P_0000016bcb4f2e30 .param/l "s6" 0 2 100, C4<110>;
v0000016bcb59fec0_0 .var "LdA", 0 0;
v0000016bcb5a00a0_0 .var "LdM", 0 0;
v0000016bcb59f060_0 .var "LdQ", 0 0;
v0000016bcb59f740_0 .net "Q0", 0 0, L_0000016bcb5a11b0;  alias, 1 drivers
v0000016bcb59fc40_0 .var "addsub", 0 0;
v0000016bcb59f560_0 .net "clk", 0 0, v0000016bcb5a0820_0;  alias, 1 drivers
v0000016bcb5a0460_0 .var "clrA", 0 0;
v0000016bcb5a0500_0 .var "clrQ", 0 0;
v0000016bcb59f7e0_0 .var "clrff", 0 0;
v0000016bcb5a05a0_0 .var "decr", 0 0;
v0000016bcb59f920_0 .var "done", 0 0;
v0000016bcb59f9c0_0 .net "eqz", 0 0, L_0000016bcb5a25b0;  alias, 1 drivers
v0000016bcb59ff60_0 .var "ldcnt", 0 0;
v0000016bcb5a0960_0 .net "qm1", 0 0, v0000016bcb59d2c0_0;  alias, 1 drivers
v0000016bcb5a0640_0 .var "sftA", 0 0;
v0000016bcb5a0780_0 .var "sftQ", 0 0;
v0000016bcb59fb00_0 .net "start", 0 0, v0000016bcb5a2150_0;  1 drivers
v0000016bcb59fba0_0 .var "state", 2 0;
E_0000016bcb5484d0 .event anyedge, v0000016bcb59fba0_0;
    .scope S_0000016bcb529290;
T_0 ;
    %wait E_0000016bcb548e90;
    %load/vec4 v0000016bcb524610_0;
    %flag_set/vec4 8;
    %jmp/0xz  T_0.0, 8;
    %pushi/vec4 0, 0, 16;
    %assign/vec4 v0000016bcb5231d0_0, 0;
    %jmp T_0.1;
T_0.0 ;
    %load/vec4 v0000016bcb52dd40_0;
    %flag_set/vec4 8;
    %jmp/0xz  T_0.2, 8;
    %load/vec4 v0000016bcb523010_0;
    %assign/vec4 v0000016bcb5231d0_0, 0;
    %jmp T_0.3;
T_0.2 ;
    %load/vec4 v0000016bcb59caa0_0;
    %flag_set/vec4 8;
    %jmp/0xz  T_0.4, 8;
    %load/vec4 v0000016bcb531e40_0;
    %load/vec4 v0000016bcb5231d0_0;
    %parti/s 15, 1, 2;
    %concat/vec4; draw_concat_vec4
    %assign/vec4 v0000016bcb5231d0_0, 0;
T_0.4 ;
T_0.3 ;
T_0.1 ;
    %jmp T_0;
    .thread T_0;
    .scope S_0000016bcb530550;
T_1 ;
    %wait E_0000016bcb548e90;
    %load/vec4 v0000016bcb59d900_0;
    %flag_set/vec4 8;
    %jmp/0xz  T_1.0, 8;
    %pushi/vec4 0, 0, 16;
    %assign/vec4 v0000016bcb59d360_0, 0;
    %jmp T_1.1;
T_1.0 ;
    %load/vec4 v0000016bcb59d4a0_0;
    %flag_set/vec4 8;
    %jmp/0xz  T_1.2, 8;
    %load/vec4 v0000016bcb59d400_0;
    %assign/vec4 v0000016bcb59d360_0, 0;
    %jmp T_1.3;
T_1.2 ;
    %load/vec4 v0000016bcb59d5e0_0;
    %flag_set/vec4 8;
    %jmp/0xz  T_1.4, 8;
    %load/vec4 v0000016bcb59d540_0;
    %load/vec4 v0000016bcb59d360_0;
    %parti/s 15, 1, 2;
    %concat/vec4; draw_concat_vec4
    %assign/vec4 v0000016bcb59d360_0, 0;
T_1.4 ;
T_1.3 ;
T_1.1 ;
    %jmp T_1;
    .thread T_1;
    .scope S_0000016bcb5303c0;
T_2 ;
    %wait E_0000016bcb548e90;
    %load/vec4 v0000016bcb59cb40_0;
    %flag_set/vec4 8;
    %jmp/0xz  T_2.0, 8;
    %pushi/vec4 0, 0, 1;
    %assign/vec4 v0000016bcb59d2c0_0, 0;
    %jmp T_2.1;
T_2.0 ;
    %load/vec4 v0000016bcb59cbe0_0;
    %assign/vec4 v0000016bcb59d2c0_0, 0;
T_2.1 ;
    %jmp T_2;
    .thread T_2;
    .scope S_0000016bcb531ee0;
T_3 ;
    %wait E_0000016bcb548490;
    %load/vec4 v0000016bcb59d040_0;
    %flag_set/vec4 8;
    %jmp/0xz  T_3.0, 8;
    %load/vec4 v0000016bcb59cd20_0;
    %load/vec4 v0000016bcb59cf00_0;
    %add;
    %store/vec4 v0000016bcb59d0e0_0, 0, 16;
    %jmp T_3.1;
T_3.0 ;
    %load/vec4 v0000016bcb59cd20_0;
    %load/vec4 v0000016bcb59cf00_0;
    %inv;
    %addi 1, 0, 16;
    %add;
    %store/vec4 v0000016bcb59d0e0_0, 0, 16;
T_3.1 ;
    %jmp T_3;
    .thread T_3, $push;
    .scope S_0000016bcb532070;
T_4 ;
    %wait E_0000016bcb548e90;
    %load/vec4 v0000016bcb59d220_0;
    %flag_set/vec4 8;
    %jmp/0xz  T_4.0, 8;
    %load/vec4 v0000016bcb59d180_0;
    %assign/vec4 v0000016bcb59d7c0_0, 0;
T_4.0 ;
    %jmp T_4;
    .thread T_4;
    .scope S_0000016bcb528ff0;
T_5 ;
    %wait E_0000016bcb548e90;
    %load/vec4 v0000016bcb59eca0_0;
    %flag_set/vec4 8;
    %jmp/0xz  T_5.0, 8;
    %pushi/vec4 16, 0, 5;
    %assign/vec4 v0000016bcb59f4c0_0, 0;
    %jmp T_5.1;
T_5.0 ;
    %load/vec4 v0000016bcb59ed40_0;
    %flag_set/vec4 8;
    %jmp/0xz  T_5.2, 8;
    %load/vec4 v0000016bcb59f4c0_0;
    %subi 1, 0, 5;
    %assign/vec4 v0000016bcb59f4c0_0, 0;
T_5.2 ;
T_5.1 ;
    %jmp T_5;
    .thread T_5;
    .scope S_0000016bcb5306e0;
T_6 ;
    %wait E_0000016bcb548e90;
    %load/vec4 v0000016bcb59fba0_0;
    %dup/vec4;
    %pushi/vec4 0, 0, 3;
    %cmp/u;
    %jmp/1 T_6.0, 6;
    %dup/vec4;
    %pushi/vec4 1, 0, 3;
    %cmp/u;
    %jmp/1 T_6.1, 6;
    %dup/vec4;
    %pushi/vec4 2, 0, 3;
    %cmp/u;
    %jmp/1 T_6.2, 6;
    %dup/vec4;
    %pushi/vec4 3, 0, 3;
    %cmp/u;
    %jmp/1 T_6.3, 6;
    %dup/vec4;
    %pushi/vec4 4, 0, 3;
    %cmp/u;
    %jmp/1 T_6.4, 6;
    %dup/vec4;
    %pushi/vec4 5, 0, 3;
    %cmp/u;
    %jmp/1 T_6.5, 6;
    %dup/vec4;
    %pushi/vec4 6, 0, 3;
    %cmp/u;
    %jmp/1 T_6.6, 6;
    %pushi/vec4 0, 0, 3;
    %assign/vec4 v0000016bcb59fba0_0, 0;
    %jmp T_6.8;
T_6.0 ;
    %load/vec4 v0000016bcb59fb00_0;
    %flag_set/vec4 8;
    %jmp/0xz  T_6.9, 8;
    %pushi/vec4 1, 0, 3;
    %assign/vec4 v0000016bcb59fba0_0, 0;
T_6.9 ;
    %jmp T_6.8;
T_6.1 ;
    %pushi/vec4 2, 0, 3;
    %assign/vec4 v0000016bcb59fba0_0, 0;
    %jmp T_6.8;
T_6.2 ;
    %load/vec4 v0000016bcb59f740_0;
    %load/vec4 v0000016bcb5a0960_0;
    %concat/vec4; draw_concat_vec4
    %cmpi/e 1, 0, 2;
    %jmp/0xz  T_6.11, 4;
    %pushi/vec4 3, 0, 3;
    %assign/vec4 v0000016bcb59fba0_0, 0;
    %jmp T_6.12;
T_6.11 ;
    %load/vec4 v0000016bcb59f740_0;
    %load/vec4 v0000016bcb5a0960_0;
    %concat/vec4; draw_concat_vec4
    %cmpi/e 2, 0, 2;
    %jmp/0xz  T_6.13, 4;
    %pushi/vec4 4, 0, 3;
    %assign/vec4 v0000016bcb59fba0_0, 0;
    %jmp T_6.14;
T_6.13 ;
    %pushi/vec4 5, 0, 3;
    %assign/vec4 v0000016bcb59fba0_0, 0;
T_6.14 ;
T_6.12 ;
    %jmp T_6.8;
T_6.3 ;
    %pushi/vec4 5, 0, 3;
    %assign/vec4 v0000016bcb59fba0_0, 0;
    %jmp T_6.8;
T_6.4 ;
    %pushi/vec4 5, 0, 3;
    %assign/vec4 v0000016bcb59fba0_0, 0;
    %jmp T_6.8;
T_6.5 ;
    %load/vec4 v0000016bcb59f9c0_0;
    %flag_set/vec4 8;
    %jmp/0xz  T_6.15, 8;
    %pushi/vec4 6, 0, 3;
    %assign/vec4 v0000016bcb59fba0_0, 0;
    %jmp T_6.16;
T_6.15 ;
    %pushi/vec4 2, 0, 3;
    %assign/vec4 v0000016bcb59fba0_0, 0;
T_6.16 ;
    %jmp T_6.8;
T_6.6 ;
    %pushi/vec4 6, 0, 3;
    %assign/vec4 v0000016bcb59fba0_0, 0;
    %jmp T_6.8;
T_6.8 ;
    %pop/vec4 1;
    %jmp T_6;
    .thread T_6;
    .scope S_0000016bcb5306e0;
T_7 ;
    %wait E_0000016bcb5484d0;
    %pushi/vec4 0, 0, 1;
    %store/vec4 v0000016bcb59fec0_0, 0, 1;
    %pushi/vec4 0, 0, 1;
    %store/vec4 v0000016bcb59f060_0, 0, 1;
    %pushi/vec4 0, 0, 1;
    %store/vec4 v0000016bcb5a00a0_0, 0, 1;
    %pushi/vec4 0, 0, 1;
    %store/vec4 v0000016bcb5a0460_0, 0, 1;
    %pushi/vec4 0, 0, 1;
    %store/vec4 v0000016bcb5a0500_0, 0, 1;
    %pushi/vec4 0, 0, 1;
    %store/vec4 v0000016bcb59f7e0_0, 0, 1;
    %pushi/vec4 0, 0, 1;
    %store/vec4 v0000016bcb5a0640_0, 0, 1;
    %pushi/vec4 0, 0, 1;
    %store/vec4 v0000016bcb5a0780_0, 0, 1;
    %pushi/vec4 0, 0, 1;
    %store/vec4 v0000016bcb59fc40_0, 0, 1;
    %pushi/vec4 0, 0, 1;
    %store/vec4 v0000016bcb59ff60_0, 0, 1;
    %pushi/vec4 0, 0, 1;
    %store/vec4 v0000016bcb5a05a0_0, 0, 1;
    %pushi/vec4 0, 0, 1;
    %store/vec4 v0000016bcb59f920_0, 0, 1;
    %load/vec4 v0000016bcb59fba0_0;
    %dup/vec4;
    %pushi/vec4 1, 0, 3;
    %cmp/u;
    %jmp/1 T_7.0, 6;
    %dup/vec4;
    %pushi/vec4 2, 0, 3;
    %cmp/u;
    %jmp/1 T_7.1, 6;
    %dup/vec4;
    %pushi/vec4 3, 0, 3;
    %cmp/u;
    %jmp/1 T_7.2, 6;
    %dup/vec4;
    %pushi/vec4 4, 0, 3;
    %cmp/u;
    %jmp/1 T_7.3, 6;
    %dup/vec4;
    %pushi/vec4 5, 0, 3;
    %cmp/u;
    %jmp/1 T_7.4, 6;
    %dup/vec4;
    %pushi/vec4 6, 0, 3;
    %cmp/u;
    %jmp/1 T_7.5, 6;
    %jmp T_7.6;
T_7.0 ;
    %pushi/vec4 1, 0, 1;
    %store/vec4 v0000016bcb5a0460_0, 0, 1;
    %pushi/vec4 1, 0, 1;
    %store/vec4 v0000016bcb59f7e0_0, 0, 1;
    %pushi/vec4 1, 0, 1;
    %store/vec4 v0000016bcb59ff60_0, 0, 1;
    %pushi/vec4 1, 0, 1;
    %store/vec4 v0000016bcb59f060_0, 0, 1;
    %jmp T_7.6;
T_7.1 ;
    %pushi/vec4 1, 0, 1;
    %store/vec4 v0000016bcb5a00a0_0, 0, 1;
    %jmp T_7.6;
T_7.2 ;
    %pushi/vec4 1, 0, 1;
    %store/vec4 v0000016bcb59fec0_0, 0, 1;
    %pushi/vec4 1, 0, 1;
    %store/vec4 v0000016bcb59fc40_0, 0, 1;
    %jmp T_7.6;
T_7.3 ;
    %pushi/vec4 1, 0, 1;
    %store/vec4 v0000016bcb59fec0_0, 0, 1;
    %pushi/vec4 0, 0, 1;
    %store/vec4 v0000016bcb59fc40_0, 0, 1;
    %jmp T_7.6;
T_7.4 ;
    %pushi/vec4 1, 0, 1;
    %store/vec4 v0000016bcb5a0640_0, 0, 1;
    %pushi/vec4 1, 0, 1;
    %store/vec4 v0000016bcb5a0780_0, 0, 1;
    %pushi/vec4 1, 0, 1;
    %store/vec4 v0000016bcb5a05a0_0, 0, 1;
    %jmp T_7.6;
T_7.5 ;
    %pushi/vec4 1, 0, 1;
    %store/vec4 v0000016bcb59f920_0, 0, 1;
    %jmp T_7.6;
T_7.6 ;
    %pop/vec4 1;
    %jmp T_7;
    .thread T_7, $push;
    .scope S_0000016bcb525070;
T_8 ;
    %delay 5, 0;
    %load/vec4 v0000016bcb5a0820_0;
    %inv;
    %store/vec4 v0000016bcb5a0820_0, 0, 1;
    %jmp T_8;
    .thread T_8;
    .scope S_0000016bcb525070;
T_9 ;
    %pushi/vec4 0, 0, 1;
    %store/vec4 v0000016bcb5a0820_0, 0, 1;
    %pushi/vec4 0, 0, 1;
    %store/vec4 v0000016bcb5a2150_0, 0, 1;
    %pushi/vec4 0, 0, 16;
    %store/vec4 v0000016bcb59efc0_0, 0, 16;
    %delay 2, 0;
    %pushi/vec4 3, 0, 16;
    %store/vec4 v0000016bcb59efc0_0, 0, 16;
    %delay 4, 0;
    %pushi/vec4 7, 0, 16;
    %store/vec4 v0000016bcb59efc0_0, 0, 16;
    %delay 6, 0;
    %pushi/vec4 1, 0, 1;
    %store/vec4 v0000016bcb5a2150_0, 0, 1;
    %delay 10, 0;
    %pushi/vec4 0, 0, 1;
    %store/vec4 v0000016bcb5a2150_0, 0, 1;
    %delay 300, 0;
    %vpi_call 2 169 "$finish" {0 0 0};
    %end;
    .thread T_9;
    .scope S_0000016bcb525070;
T_10 ;
    %vpi_call 2 173 "$dumpfile", "booth2.vcd" {0 0 0};
    %vpi_call 2 174 "$dumpvars", 32'sb00000000000000000000000000000000, S_0000016bcb525070 {0 0 0};
    %end;
    .thread T_10;
# The file index is used to find the file name in the following table.
:file_names 3;
    "N/A";
    "<interactive>";
    "booth2.v";
