#! /c/Source/iverilog-install/bin/vvp
:ivl_version "12.0 (devel)" "(s20150603-1539-g2693dd32b)";
:ivl_delay_selection "TYPICAL";
:vpi_time_precision + 0;
:vpi_module "C:\iverilog\lib\ivl\system.vpi";
:vpi_module "C:\iverilog\lib\ivl\vhdl_sys.vpi";
:vpi_module "C:\iverilog\lib\ivl\vhdl_textio.vpi";
:vpi_module "C:\iverilog\lib\ivl\v2005_math.vpi";
:vpi_module "C:\iverilog\lib\ivl\va_math.vpi";
S_000001794a6fbe20 .scope module, "test_full_adder" "test_full_adder" 2 6;
 .timescale 0 0;
v000001794a743700_0 .var "a", 0 0;
v000001794a743de0_0 .var "b", 0 0;
v000001794a743480_0 .var "cin", 0 0;
v000001794a743a20_0 .net "cout", 0 0, L_000001794a744510;  1 drivers
v000001794a743520_0 .net "sum", 0 0, L_000001794a744350;  1 drivers
S_000001794a6f9880 .scope module, "uut" "full_adder" 2 10, 2 1 0, S_000001794a6fbe20;
 .timescale 0 0;
    .port_info 0 /INPUT 1 "a";
    .port_info 1 /INPUT 1 "b";
    .port_info 2 /INPUT 1 "cin";
    .port_info 3 /OUTPUT 1 "sum";
    .port_info 4 /OUTPUT 1 "cout";
L_000001794a744820 .functor XOR 1, v000001794a743700_0, v000001794a743de0_0, C4<0>, C4<0>;
L_000001794a744350 .functor XOR 1, L_000001794a744820, v000001794a743480_0, C4<0>, C4<0>;
L_000001794a744660 .functor AND 1, v000001794a743700_0, v000001794a743de0_0, C4<1>, C4<1>;
L_000001794a7444a0 .functor AND 1, v000001794a743de0_0, v000001794a743480_0, C4<1>, C4<1>;
L_000001794a7447b0 .functor OR 1, L_000001794a744660, L_000001794a7444a0, C4<0>, C4<0>;
L_000001794a744900 .functor AND 1, v000001794a743700_0, v000001794a743480_0, C4<1>, C4<1>;
L_000001794a744510 .functor OR 1, L_000001794a7447b0, L_000001794a744900, C4<0>, C4<0>;
v000001794a6f6920_0 .net *"_ivl_0", 0 0, L_000001794a744820;  1 drivers
v000001794a6f9650_0 .net *"_ivl_10", 0 0, L_000001794a744900;  1 drivers
v000001794a6f9c20_0 .net *"_ivl_4", 0 0, L_000001794a744660;  1 drivers
v000001794a6f9cc0_0 .net *"_ivl_6", 0 0, L_000001794a7444a0;  1 drivers
v000001794a6f9d60_0 .net *"_ivl_8", 0 0, L_000001794a7447b0;  1 drivers
v000001794a6fa0c0_0 .net "a", 0 0, v000001794a743700_0;  1 drivers
v000001794a6fa160_0 .net "b", 0 0, v000001794a743de0_0;  1 drivers
v000001794a6fa200_0 .net "cin", 0 0, v000001794a743480_0;  1 drivers
v000001794a6fa5a0_0 .net "cout", 0 0, L_000001794a744510;  alias, 1 drivers
v000001794a6fa640_0 .net "sum", 0 0, L_000001794a744350;  alias, 1 drivers
    .scope S_000001794a6fbe20;
T_0 ;
    %vpi_call 2 13 "$dumpfile", "full_adder.vcd" {0 0 0};
    %vpi_call 2 14 "$dumpvars", 32'sb00000000000000000000000000000000, S_000001794a6fbe20 {0 0 0};
    %end;
    .thread T_0;
    .scope S_000001794a6fbe20;
T_1 ;
    %vpi_call 2 18 "$display", "A B Cin | Sum Cout" {0 0 0};
    %vpi_call 2 19 "$display", "-------------------" {0 0 0};
    %pushi/vec4 0, 0, 1;
    %store/vec4 v000001794a743700_0, 0, 1;
    %pushi/vec4 0, 0, 1;
    %store/vec4 v000001794a743de0_0, 0, 1;
    %pushi/vec4 0, 0, 1;
    %store/vec4 v000001794a743480_0, 0, 1;
    %delay 10, 0;
    %vpi_call 2 20 "$display", "%b %b  %b  |  %b    %b", v000001794a743700_0, v000001794a743de0_0, v000001794a743480_0, v000001794a743520_0, v000001794a743a20_0 {0 0 0};
    %pushi/vec4 0, 0, 1;
    %store/vec4 v000001794a743700_0, 0, 1;
    %pushi/vec4 0, 0, 1;
    %store/vec4 v000001794a743de0_0, 0, 1;
    %pushi/vec4 1, 0, 1;
    %store/vec4 v000001794a743480_0, 0, 1;
    %delay 10, 0;
    %vpi_call 2 21 "$display", "%b %b  %b  |  %b    %b", v000001794a743700_0, v000001794a743de0_0, v000001794a743480_0, v000001794a743520_0, v000001794a743a20_0 {0 0 0};
    %pushi/vec4 0, 0, 1;
    %store/vec4 v000001794a743700_0, 0, 1;
    %pushi/vec4 1, 0, 1;
    %store/vec4 v000001794a743de0_0, 0, 1;
    %pushi/vec4 0, 0, 1;
    %store/vec4 v000001794a743480_0, 0, 1;
    %delay 10, 0;
    %vpi_call 2 22 "$display", "%b %b  %b  |  %b    %b", v000001794a743700_0, v000001794a743de0_0, v000001794a743480_0, v000001794a743520_0, v000001794a743a20_0 {0 0 0};
    %pushi/vec4 0, 0, 1;
    %store/vec4 v000001794a743700_0, 0, 1;
    %pushi/vec4 1, 0, 1;
    %store/vec4 v000001794a743de0_0, 0, 1;
    %pushi/vec4 1, 0, 1;
    %store/vec4 v000001794a743480_0, 0, 1;
    %delay 10, 0;
    %vpi_call 2 23 "$display", "%b %b  %b  |  %b    %b", v000001794a743700_0, v000001794a743de0_0, v000001794a743480_0, v000001794a743520_0, v000001794a743a20_0 {0 0 0};
    %pushi/vec4 1, 0, 1;
    %store/vec4 v000001794a743700_0, 0, 1;
    %pushi/vec4 0, 0, 1;
    %store/vec4 v000001794a743de0_0, 0, 1;
    %pushi/vec4 0, 0, 1;
    %store/vec4 v000001794a743480_0, 0, 1;
    %delay 10, 0;
    %vpi_call 2 24 "$display", "%b %b  %b  |  %b    %b", v000001794a743700_0, v000001794a743de0_0, v000001794a743480_0, v000001794a743520_0, v000001794a743a20_0 {0 0 0};
    %pushi/vec4 1, 0, 1;
    %store/vec4 v000001794a743700_0, 0, 1;
    %pushi/vec4 0, 0, 1;
    %store/vec4 v000001794a743de0_0, 0, 1;
    %pushi/vec4 1, 0, 1;
    %store/vec4 v000001794a743480_0, 0, 1;
    %delay 10, 0;
    %vpi_call 2 25 "$display", "%b %b  %b  |  %b    %b", v000001794a743700_0, v000001794a743de0_0, v000001794a743480_0, v000001794a743520_0, v000001794a743a20_0 {0 0 0};
    %pushi/vec4 1, 0, 1;
    %store/vec4 v000001794a743700_0, 0, 1;
    %pushi/vec4 1, 0, 1;
    %store/vec4 v000001794a743de0_0, 0, 1;
    %pushi/vec4 0, 0, 1;
    %store/vec4 v000001794a743480_0, 0, 1;
    %delay 10, 0;
    %vpi_call 2 26 "$display", "%b %b  %b  |  %b    %b", v000001794a743700_0, v000001794a743de0_0, v000001794a743480_0, v000001794a743520_0, v000001794a743a20_0 {0 0 0};
    %pushi/vec4 1, 0, 1;
    %store/vec4 v000001794a743700_0, 0, 1;
    %pushi/vec4 1, 0, 1;
    %store/vec4 v000001794a743de0_0, 0, 1;
    %pushi/vec4 1, 0, 1;
    %store/vec4 v000001794a743480_0, 0, 1;
    %delay 10, 0;
    %vpi_call 2 27 "$display", "%b %b  %b  |  %b    %b", v000001794a743700_0, v000001794a743de0_0, v000001794a743480_0, v000001794a743520_0, v000001794a743a20_0 {0 0 0};
    %vpi_call 2 28 "$finish" {0 0 0};
    %end;
    .thread T_1;
# The file index is used to find the file name in the following table.
:file_names 3;
    "N/A";
    "<interactive>";
    "code2.v";
