#! /c/Source/iverilog-install/bin/vvp
:ivl_version "12.0 (devel)" "(s20150603-1539-g2693dd32b)";
:ivl_delay_selection "TYPICAL";
:vpi_time_precision + 0;
:vpi_module "C:\iverilog\lib\ivl\system.vpi";
:vpi_module "C:\iverilog\lib\ivl\vhdl_sys.vpi";
:vpi_module "C:\iverilog\lib\ivl\vhdl_textio.vpi";
:vpi_module "C:\iverilog\lib\ivl\v2005_math.vpi";
:vpi_module "C:\iverilog\lib\ivl\va_math.vpi";
S_000001d4ee50ae60 .scope module, "testbench" "testbench" 2 14;
 .timescale 0 0;
v000001d4ee509da0_0 .var "D", 0 0;
v000001d4ee5c54a0_0 .net "Q", 0 0, v000001d4ee593120_0;  1 drivers
v000001d4ee5c5540_0 .var "clk", 0 0;
S_000001d4ee5c5310 .scope module, "uut" "D_flipflop" 2 18, 2 1 0, S_000001d4ee50ae60;
 .timescale 0 0;
    .port_info 0 /INPUT 1 "D";
    .port_info 1 /INPUT 1 "clk";
    .port_info 2 /OUTPUT 1 "Q";
v000001d4ee593380_0 .net "D", 0 0, v000001d4ee509da0_0;  1 drivers
v000001d4ee593120_0 .var "Q", 0 0;
v000001d4ee5935a0_0 .net "clk", 0 0, v000001d4ee5c5540_0;  1 drivers
E_000001d4ee50c770 .event posedge, v000001d4ee5935a0_0;
    .scope S_000001d4ee5c5310;
T_0 ;
    %wait E_000001d4ee50c770;
    %load/vec4 v000001d4ee593380_0;
    %assign/vec4 v000001d4ee593120_0, 0;
    %jmp T_0;
    .thread T_0;
    .scope S_000001d4ee50ae60;
T_1 ;
    %delay 5, 0;
    %load/vec4 v000001d4ee5c5540_0;
    %inv;
    %store/vec4 v000001d4ee5c5540_0, 0, 1;
    %jmp T_1;
    .thread T_1;
    .scope S_000001d4ee50ae60;
T_2 ;
    %vpi_call 2 27 "$dumpfile", "dflipflop.vcd" {0 0 0};
    %vpi_call 2 28 "$dumpvars", 32'sb00000000000000000000000000000000, S_000001d4ee50ae60 {0 0 0};
    %end;
    .thread T_2;
    .scope S_000001d4ee50ae60;
T_3 ;
    %pushi/vec4 0, 0, 1;
    %store/vec4 v000001d4ee5c5540_0, 0, 1;
    %pushi/vec4 0, 0, 1;
    %store/vec4 v000001d4ee509da0_0, 0, 1;
    %vpi_call 2 35 "$display", "Time\011clk\011D\011Q" {0 0 0};
    %vpi_call 2 36 "$monitor", "%0t\011%b\011%b\011%b", $time, v000001d4ee5c5540_0, v000001d4ee509da0_0, v000001d4ee5c54a0_0 {0 0 0};
    %delay 10, 0;
    %pushi/vec4 1, 0, 1;
    %store/vec4 v000001d4ee509da0_0, 0, 1;
    %delay 10, 0;
    %pushi/vec4 0, 0, 1;
    %store/vec4 v000001d4ee509da0_0, 0, 1;
    %delay 10, 0;
    %pushi/vec4 1, 0, 1;
    %store/vec4 v000001d4ee509da0_0, 0, 1;
    %delay 10, 0;
    %pushi/vec4 0, 0, 1;
    %store/vec4 v000001d4ee509da0_0, 0, 1;
    %delay 20, 0;
    %vpi_call 2 42 "$finish" {0 0 0};
    %end;
    .thread T_3;
# The file index is used to find the file name in the following table.
:file_names 3;
    "N/A";
    "<interactive>";
    "dflipflop2.v";
