#! /c/Source/iverilog-install/bin/vvp
:ivl_version "12.0 (devel)" "(s20150603-1539-g2693dd32b)";
:ivl_delay_selection "TYPICAL";
:vpi_time_precision + 0;
:vpi_module "C:\iverilog\lib\ivl\system.vpi";
:vpi_module "C:\iverilog\lib\ivl\vhdl_sys.vpi";
:vpi_module "C:\iverilog\lib\ivl\vhdl_textio.vpi";
:vpi_module "C:\iverilog\lib\ivl\v2005_math.vpi";
:vpi_module "C:\iverilog\lib\ivl\va_math.vpi";
S_000002172670a960 .scope module, "testbench" "testbench" 2 18;
 .timescale 0 0;
v00000217267c5890_0 .var "D", 0 0;
v00000217267c5930_0 .net "Q", 0 0, v0000021726793120_0;  1 drivers
v000002172670c150_0 .var "clk", 0 0;
v000002172670c1f0_0 .var "reset", 0 0;
S_00000217267c55c0 .scope module, "uut" "D_flipflop" 2 22, 2 1 0, S_000002172670a960;
 .timescale 0 0;
    .port_info 0 /INPUT 1 "D";
    .port_info 1 /INPUT 1 "clk";
    .port_info 2 /INPUT 1 "reset";
    .port_info 3 /OUTPUT 1 "Q";
v0000021726793380_0 .net "D", 0 0, v00000217267c5890_0;  1 drivers
v0000021726793120_0 .var "Q", 0 0;
v00000217267c5750_0 .net "clk", 0 0, v000002172670c150_0;  1 drivers
v00000217267c57f0_0 .net "reset", 0 0, v000002172670c1f0_0;  1 drivers
E_00000217267b4df0 .event posedge, v00000217267c57f0_0, v00000217267c5750_0;
    .scope S_00000217267c55c0;
T_0 ;
    %wait E_00000217267b4df0;
    %load/vec4 v00000217267c57f0_0;
    %flag_set/vec4 8;
    %jmp/0xz  T_0.0, 8;
    %pushi/vec4 0, 0, 1;
    %assign/vec4 v0000021726793120_0, 0;
    %jmp T_0.1;
T_0.0 ;
    %load/vec4 v0000021726793380_0;
    %assign/vec4 v0000021726793120_0, 0;
T_0.1 ;
    %jmp T_0;
    .thread T_0;
    .scope S_000002172670a960;
T_1 ;
    %delay 5, 0;
    %load/vec4 v000002172670c150_0;
    %inv;
    %store/vec4 v000002172670c150_0, 0, 1;
    %jmp T_1;
    .thread T_1;
    .scope S_000002172670a960;
T_2 ;
    %vpi_call 2 32 "$dumpfile", "dflipflop2.vcd" {0 0 0};
    %vpi_call 2 33 "$dumpvars", 32'sb00000000000000000000000000000000, S_000002172670a960 {0 0 0};
    %end;
    .thread T_2;
    .scope S_000002172670a960;
T_3 ;
    %pushi/vec4 0, 0, 1;
    %store/vec4 v000002172670c150_0, 0, 1;
    %pushi/vec4 1, 0, 1;
    %store/vec4 v000002172670c1f0_0, 0, 1;
    %pushi/vec4 0, 0, 1;
    %store/vec4 v00000217267c5890_0, 0, 1;
    %vpi_call 2 41 "$display", "Time\011clk\011r\011D\011Q" {0 0 0};
    %vpi_call 2 42 "$monitor", "%0t\011%b\011%b\011%b\011%b", $time, v000002172670c150_0, v000002172670c1f0_0, v00000217267c5890_0, v00000217267c5930_0 {0 0 0};
    %delay 10, 0;
    %pushi/vec4 0, 0, 1;
    %store/vec4 v000002172670c1f0_0, 0, 1;
    %delay 10, 0;
    %pushi/vec4 1, 0, 1;
    %store/vec4 v00000217267c5890_0, 0, 1;
    %delay 10, 0;
    %pushi/vec4 0, 0, 1;
    %store/vec4 v00000217267c5890_0, 0, 1;
    %delay 10, 0;
    %pushi/vec4 1, 0, 1;
    %store/vec4 v00000217267c5890_0, 0, 1;
    %delay 20, 0;
    %pushi/vec4 1, 0, 1;
    %store/vec4 v000002172670c1f0_0, 0, 1;
    %delay 10, 0;
    %pushi/vec4 0, 0, 1;
    %store/vec4 v000002172670c1f0_0, 0, 1;
    %delay 20, 0;
    %vpi_call 2 50 "$finish" {0 0 0};
    %end;
    .thread T_3;
# The file index is used to find the file name in the following table.
:file_names 3;
    "N/A";
    "<interactive>";
    "dflipflop.v";
