#! /c/Source/iverilog-install/bin/vvp
:ivl_version "12.0 (devel)" "(s20150603-1539-g2693dd32b)";
:ivl_delay_selection "TYPICAL";
:vpi_time_precision + 0;
:vpi_module "C:\iverilog\lib\ivl\system.vpi";
:vpi_module "C:\iverilog\lib\ivl\vhdl_sys.vpi";
:vpi_module "C:\iverilog\lib\ivl\vhdl_textio.vpi";
:vpi_module "C:\iverilog\lib\ivl\v2005_math.vpi";
:vpi_module "C:\iverilog\lib\ivl\va_math.vpi";
S_000001747a11c2b0 .scope module, "tb_jk_flipflop" "tb_jk_flipflop" 2 37;
 .timescale 0 0;
v000001747a132dc0_0 .var "J", 0 0;
v000001747a132e60_0 .var "K", 0 0;
v000001747a132f00_0 .net "Q", 0 0, v000001747a164610_0;  1 drivers
v000001747a132fa0_0 .net "Qn", 0 0, v000001747a1646b0_0;  1 drivers
v000001747a133040_0 .var "clk", 0 0;
v000001747a1330e0_0 .var "reset", 0 0;
E_000001747a11a380 .event posedge, v000001747a164750_0;
S_000001747a11c440 .scope module, "uut" "jk_flipflop" 2 45, 2 1 0, S_000001747a11c2b0;
 .timescale 0 0;
    .port_info 0 /INPUT 1 "J";
    .port_info 1 /INPUT 1 "K";
    .port_info 2 /INPUT 1 "clk";
    .port_info 3 /INPUT 1 "reset";
    .port_info 4 /OUTPUT 1 "Q";
    .port_info 5 /OUTPUT 1 "Qn";
v000001747a133380_0 .net "J", 0 0, v000001747a132dc0_0;  1 drivers
v000001747a164570_0 .net "K", 0 0, v000001747a132e60_0;  1 drivers
v000001747a164610_0 .var "Q", 0 0;
v000001747a1646b0_0 .var "Qn", 0 0;
v000001747a164750_0 .net "clk", 0 0, v000001747a133040_0;  1 drivers
v000001747a132d20_0 .net "reset", 0 0, v000001747a1330e0_0;  1 drivers
E_000001747a11a400 .event posedge, v000001747a132d20_0, v000001747a164750_0;
    .scope S_000001747a11c440;
T_0 ;
    %wait E_000001747a11a400;
    %load/vec4 v000001747a132d20_0;
    %flag_set/vec4 8;
    %jmp/0xz  T_0.0, 8;
    %pushi/vec4 0, 0, 1;
    %assign/vec4 v000001747a164610_0, 0;
    %pushi/vec4 1, 0, 1;
    %assign/vec4 v000001747a1646b0_0, 0;
    %jmp T_0.1;
T_0.0 ;
    %load/vec4 v000001747a133380_0;
    %load/vec4 v000001747a164570_0;
    %concat/vec4; draw_concat_vec4
    %dup/vec4;
    %pushi/vec4 0, 0, 2;
    %cmp/u;
    %jmp/1 T_0.2, 6;
    %dup/vec4;
    %pushi/vec4 1, 0, 2;
    %cmp/u;
    %jmp/1 T_0.3, 6;
    %dup/vec4;
    %pushi/vec4 2, 0, 2;
    %cmp/u;
    %jmp/1 T_0.4, 6;
    %dup/vec4;
    %pushi/vec4 3, 0, 2;
    %cmp/u;
    %jmp/1 T_0.5, 6;
    %jmp T_0.6;
T_0.2 ;
    %jmp T_0.6;
T_0.3 ;
    %pushi/vec4 0, 0, 1;
    %assign/vec4 v000001747a164610_0, 0;
    %pushi/vec4 1, 0, 1;
    %assign/vec4 v000001747a1646b0_0, 0;
    %jmp T_0.6;
T_0.4 ;
    %pushi/vec4 1, 0, 1;
    %assign/vec4 v000001747a164610_0, 0;
    %pushi/vec4 0, 0, 1;
    %assign/vec4 v000001747a1646b0_0, 0;
    %jmp T_0.6;
T_0.5 ;
    %load/vec4 v000001747a164610_0;
    %inv;
    %assign/vec4 v000001747a164610_0, 0;
    %load/vec4 v000001747a1646b0_0;
    %inv;
    %assign/vec4 v000001747a1646b0_0, 0;
    %jmp T_0.6;
T_0.6 ;
    %pop/vec4 1;
T_0.1 ;
    %jmp T_0;
    .thread T_0;
    .scope S_000001747a11c2b0;
T_1 ;
    %pushi/vec4 0, 0, 1;
    %store/vec4 v000001747a133040_0, 0, 1;
    %pushi/vec4 1, 0, 1;
    %store/vec4 v000001747a1330e0_0, 0, 1;
    %pushi/vec4 0, 0, 1;
    %store/vec4 v000001747a132dc0_0, 0, 1;
    %pushi/vec4 0, 0, 1;
    %store/vec4 v000001747a132e60_0, 0, 1;
    %delay 12, 0;
    %pushi/vec4 0, 0, 1;
    %store/vec4 v000001747a1330e0_0, 0, 1;
    %end;
    .thread T_1;
    .scope S_000001747a11c2b0;
T_2 ;
    %delay 5, 0;
    %load/vec4 v000001747a133040_0;
    %inv;
    %store/vec4 v000001747a133040_0, 0, 1;
    %jmp T_2;
    .thread T_2;
    .scope S_000001747a11c2b0;
T_3 ;
    %vpi_call 2 65 "$dumpfile", "jk_flipflop.vcd" {0 0 0};
    %vpi_call 2 66 "$dumpvars", 32'sb00000000000000000000000000000000, S_000001747a11c2b0 {0 0 0};
    %end;
    .thread T_3;
    .scope S_000001747a11c2b0;
T_4 ;
    %vpi_call 2 70 "$display", "Time\011clk\011J K\011Q Qn" {0 0 0};
    %vpi_call 2 71 "$monitor", "%0t\011%b\011%b %b\011%b %b", $time, v000001747a133040_0, v000001747a132dc0_0, v000001747a132e60_0, v000001747a132f00_0, v000001747a132fa0_0 {0 0 0};
    %wait E_000001747a11a380;
    %wait E_000001747a11a380;
    %pushi/vec4 1, 0, 1;
    %store/vec4 v000001747a132dc0_0, 0, 1;
    %pushi/vec4 0, 0, 1;
    %store/vec4 v000001747a132e60_0, 0, 1;
    %wait E_000001747a11a380;
    %pushi/vec4 0, 0, 1;
    %store/vec4 v000001747a132dc0_0, 0, 1;
    %pushi/vec4 1, 0, 1;
    %store/vec4 v000001747a132e60_0, 0, 1;
    %wait E_000001747a11a380;
    %pushi/vec4 1, 0, 1;
    %store/vec4 v000001747a132dc0_0, 0, 1;
    %pushi/vec4 1, 0, 1;
    %store/vec4 v000001747a132e60_0, 0, 1;
    %wait E_000001747a11a380;
    %pushi/vec4 0, 0, 1;
    %store/vec4 v000001747a132dc0_0, 0, 1;
    %pushi/vec4 0, 0, 1;
    %store/vec4 v000001747a132e60_0, 0, 1;
    %wait E_000001747a11a380;
    %pushi/vec4 1, 0, 1;
    %store/vec4 v000001747a132dc0_0, 0, 1;
    %pushi/vec4 1, 0, 1;
    %store/vec4 v000001747a132e60_0, 0, 1;
    %wait E_000001747a11a380;
    %pushi/vec4 1, 0, 1;
    %store/vec4 v000001747a132dc0_0, 0, 1;
    %pushi/vec4 1, 0, 1;
    %store/vec4 v000001747a132e60_0, 0, 1;
    %wait E_000001747a11a380;
    %vpi_call 2 80 "$finish" {0 0 0};
    %end;
    .thread T_4;
# The file index is used to find the file name in the following table.
:file_names 3;
    "N/A";
    "<interactive>";
    "jkflipflop.v";
