#! /c/Source/iverilog-install/bin/vvp
:ivl_version "12.0 (devel)" "(s20150603-1539-g2693dd32b)";
:ivl_delay_selection "TYPICAL";
:vpi_time_precision + 0;
:vpi_module "C:\iverilog\lib\ivl\system.vpi";
:vpi_module "C:\iverilog\lib\ivl\vhdl_sys.vpi";
:vpi_module "C:\iverilog\lib\ivl\vhdl_textio.vpi";
:vpi_module "C:\iverilog\lib\ivl\v2005_math.vpi";
:vpi_module "C:\iverilog\lib\ivl\va_math.vpi";
S_000002324b8e9990 .scope module, "tb_mux2to1" "tb_mux2to1" 2 12;
 .timescale 0 0;
v000002324b8ebc90_0 .var "A", 0 0;
v000002324b936640_0 .var "B", 0 0;
v000002324b9366e0_0 .var "S", 0 0;
v000002324b936780_0 .net "Y", 0 0, L_000002324b9347d0;  1 drivers
S_000002324b9364b0 .scope module, "uut" "mux2to1" 2 16, 2 1 0, S_000002324b8e9990;
 .timescale 0 0;
    .port_info 0 /INPUT 1 "A";
    .port_info 1 /INPUT 1 "B";
    .port_info 2 /INPUT 1 "S";
    .port_info 3 /OUTPUT 1 "Y";
L_000002324b8ebd30 .functor NOT 1, v000002324b9366e0_0, C4<0>, C4<0>, C4<0>;
L_000002324b903780 .functor AND 1, v000002324b8ebc90_0, L_000002324b8ebd30, C4<1>, C4<1>;
L_000002324b936820 .functor AND 1, v000002324b936640_0, v000002324b9366e0_0, C4<1>, C4<1>;
L_000002324b9347d0 .functor OR 1, L_000002324b903780, L_000002324b936820, C4<0>, C4<0>;
v000002324b903340_0 .net "A", 0 0, v000002324b8ebc90_0;  1 drivers
v000002324b9030e0_0 .net "A1", 0 0, L_000002324b903780;  1 drivers
v000002324b903560_0 .net "B", 0 0, v000002324b936640_0;  1 drivers
v000002324b8e9b20_0 .net "B1", 0 0, L_000002324b936820;  1 drivers
v000002324b8e9bc0_0 .net "S", 0 0, v000002324b9366e0_0;  1 drivers
v000002324b8ebb50_0 .net "Y", 0 0, L_000002324b9347d0;  alias, 1 drivers
v000002324b8ebbf0_0 .net "nS", 0 0, L_000002324b8ebd30;  1 drivers
    .scope S_000002324b8e9990;
T_0 ;
    %vpi_call 2 19 "$dumpfile", "mux2to1.vcd" {0 0 0};
    %vpi_call 2 20 "$dumpvars", 32'sb00000000000000000000000000000000, S_000002324b8e9990 {0 0 0};
    %vpi_call 2 22 "$monitor", "A=%b B=%b S=%b -> Y=%b", v000002324b8ebc90_0, v000002324b936640_0, v000002324b9366e0_0, v000002324b936780_0 {0 0 0};
    %pushi/vec4 0, 0, 1;
    %store/vec4 v000002324b8ebc90_0, 0, 1;
    %pushi/vec4 0, 0, 1;
    %store/vec4 v000002324b936640_0, 0, 1;
    %pushi/vec4 0, 0, 1;
    %store/vec4 v000002324b9366e0_0, 0, 1;
    %delay 10, 0;
    %pushi/vec4 1, 0, 1;
    %store/vec4 v000002324b8ebc90_0, 0, 1;
    %pushi/vec4 0, 0, 1;
    %store/vec4 v000002324b936640_0, 0, 1;
    %pushi/vec4 0, 0, 1;
    %store/vec4 v000002324b9366e0_0, 0, 1;
    %delay 10, 0;
    %pushi/vec4 0, 0, 1;
    %store/vec4 v000002324b8ebc90_0, 0, 1;
    %pushi/vec4 1, 0, 1;
    %store/vec4 v000002324b936640_0, 0, 1;
    %pushi/vec4 0, 0, 1;
    %store/vec4 v000002324b9366e0_0, 0, 1;
    %delay 10, 0;
    %pushi/vec4 1, 0, 1;
    %store/vec4 v000002324b8ebc90_0, 0, 1;
    %pushi/vec4 1, 0, 1;
    %store/vec4 v000002324b936640_0, 0, 1;
    %pushi/vec4 0, 0, 1;
    %store/vec4 v000002324b9366e0_0, 0, 1;
    %delay 10, 0;
    %pushi/vec4 0, 0, 1;
    %store/vec4 v000002324b8ebc90_0, 0, 1;
    %pushi/vec4 0, 0, 1;
    %store/vec4 v000002324b936640_0, 0, 1;
    %pushi/vec4 1, 0, 1;
    %store/vec4 v000002324b9366e0_0, 0, 1;
    %delay 10, 0;
    %pushi/vec4 1, 0, 1;
    %store/vec4 v000002324b8ebc90_0, 0, 1;
    %pushi/vec4 0, 0, 1;
    %store/vec4 v000002324b936640_0, 0, 1;
    %pushi/vec4 1, 0, 1;
    %store/vec4 v000002324b9366e0_0, 0, 1;
    %delay 10, 0;
    %pushi/vec4 0, 0, 1;
    %store/vec4 v000002324b8ebc90_0, 0, 1;
    %pushi/vec4 1, 0, 1;
    %store/vec4 v000002324b936640_0, 0, 1;
    %pushi/vec4 1, 0, 1;
    %store/vec4 v000002324b9366e0_0, 0, 1;
    %delay 10, 0;
    %pushi/vec4 1, 0, 1;
    %store/vec4 v000002324b8ebc90_0, 0, 1;
    %pushi/vec4 1, 0, 1;
    %store/vec4 v000002324b936640_0, 0, 1;
    %pushi/vec4 1, 0, 1;
    %store/vec4 v000002324b9366e0_0, 0, 1;
    %delay 10, 0;
    %vpi_call 2 33 "$finish" {0 0 0};
    %end;
    .thread T_0;
# The file index is used to find the file name in the following table.
:file_names 3;
    "N/A";
    "<interactive>";
    "mux.v";
