#! /c/Source/iverilog-install/bin/vvp
:ivl_version "12.0 (devel)" "(s20150603-1539-g2693dd32b)";
:ivl_delay_selection "TYPICAL";
:vpi_time_precision + 0;
:vpi_module "C:\iverilog\lib\ivl\system.vpi";
:vpi_module "C:\iverilog\lib\ivl\vhdl_sys.vpi";
:vpi_module "C:\iverilog\lib\ivl\vhdl_textio.vpi";
:vpi_module "C:\iverilog\lib\ivl\v2005_math.vpi";
:vpi_module "C:\iverilog\lib\ivl\va_math.vpi";
S_000001c64e925540 .scope module, "test_not_using_nand" "test_not_using_nand" 2 5;
 .timescale 0 0;
v000001c64ea26900_0 .var "a", 0 0;
v000001c64ea2de60_0 .net "y", 0 0, L_000001c64ea266e0;  1 drivers
S_000001c64e9256d0 .scope module, "uut" "not_using_nand" 2 9, 2 1 0, S_000001c64e925540;
 .timescale 0 0;
    .port_info 0 /INPUT 1 "a";
    .port_info 1 /OUTPUT 1 "y";
L_000001c64ea2df00 .functor AND 1, v000001c64ea26900_0, v000001c64ea26900_0, C4<1>, C4<1>;
L_000001c64ea266e0 .functor NOT 1, L_000001c64ea2df00, C4<0>, C4<0>, C4<0>;
v000001c64ea2ef20_0 .net *"_ivl_0", 0 0, L_000001c64ea2df00;  1 drivers
v000001c64ea2eba0_0 .net "a", 0 0, v000001c64ea26900_0;  1 drivers
v000001c64ea26460_0 .net "y", 0 0, L_000001c64ea266e0;  alias, 1 drivers
    .scope S_000001c64e925540;
T_0 ;
    %vpi_call 2 12 "$dumpfile", "not_nand.vcd" {0 0 0};
    %vpi_call 2 13 "$dumpvars", 32'sb00000000000000000000000000000000, S_000001c64e925540 {0 0 0};
    %end;
    .thread T_0;
    .scope S_000001c64e925540;
T_1 ;
    %vpi_call 2 17 "$display", "A | Y" {0 0 0};
    %vpi_call 2 18 "$display", "--------" {0 0 0};
    %pushi/vec4 0, 0, 1;
    %store/vec4 v000001c64ea26900_0, 0, 1;
    %delay 10, 0;
    %vpi_call 2 19 "$display", "%b | %b", v000001c64ea26900_0, v000001c64ea2de60_0 {0 0 0};
    %pushi/vec4 1, 0, 1;
    %store/vec4 v000001c64ea26900_0, 0, 1;
    %delay 10, 0;
    %vpi_call 2 20 "$display", "%b | %b", v000001c64ea26900_0, v000001c64ea2de60_0 {0 0 0};
    %vpi_call 2 21 "$finish" {0 0 0};
    %end;
    .thread T_1;
# The file index is used to find the file name in the following table.
:file_names 3;
    "N/A";
    "<interactive>";
    "not_using_nand.v";
