#! /c/Source/iverilog-install/bin/vvp
:ivl_version "12.0 (devel)" "(s20150603-1110-g18392a46)";
:ivl_delay_selection "TYPICAL";
:vpi_time_precision + 0;
:vpi_module "C:\iverilog\lib\ivl\system.vpi";
:vpi_module "C:\iverilog\lib\ivl\vhdl_sys.vpi";
:vpi_module "C:\iverilog\lib\ivl\vhdl_textio.vpi";
:vpi_module "C:\iverilog\lib\ivl\v2005_math.vpi";
:vpi_module "C:\iverilog\lib\ivl\va_math.vpi";
S_000001f81ab5af70 .scope module, "tb_pipe_ex" "tb_pipe_ex" 2 19;
 .timescale 0 0;
P_000001f81ababbe0 .param/l "N" 0 2 21, +C4<00000000000000000000000000001010>;
v000001f81aba4d00_0 .var "A", 9 0;
v000001f81aba4da0_0 .var "B", 9 0;
v000001f81aba4e40_0 .var "C", 9 0;
v000001f81abf5ee0_0 .var "D", 9 0;
v000001f81abf58a0_0 .net "F", 9 0, L_000001f81ab73140;  1 drivers
v000001f81abf5120_0 .var "clk", 0 0;
S_000001f81ab5b100 .scope module, "dut" "pipe_ex" 2 27, 2 1 0, S_000001f81ab5af70;
 .timescale 0 0;
    .port_info 0 /OUTPUT 10 "F";
    .port_info 1 /INPUT 10 "A";
    .port_info 2 /INPUT 10 "B";
    .port_info 3 /INPUT 10 "C";
    .port_info 4 /INPUT 10 "D";
    .port_info 5 /INPUT 1 "clk";
P_000001f81abab5e0 .param/l "N" 0 2 2, +C4<00000000000000000000000000001010>;
L_000001f81ab73140 .functor BUFZ 10, v000001f81aba4bc0_0, C4<0000000000>, C4<0000000000>, C4<0000000000>;
v000001f81ab5d4b0_0 .net "A", 9 0, v000001f81aba4d00_0;  1 drivers
v000001f81ab72ce0_0 .net "B", 9 0, v000001f81aba4da0_0;  1 drivers
v000001f81ab72d80_0 .net "C", 9 0, v000001f81aba4e40_0;  1 drivers
v000001f81ab5bb60_0 .net "D", 9 0, v000001f81abf5ee0_0;  1 drivers
v000001f81ab72e20_0 .net "F", 9 0, L_000001f81ab73140;  alias, 1 drivers
v000001f81ab72ec0_0 .var "L12_D", 9 0;
v000001f81ab72f60_0 .var "L12_x1", 9 0;
v000001f81ab73000_0 .var "L12_x2", 9 0;
v000001f81ab730a0_0 .var "L23_D", 9 0;
v000001f81aba4b20_0 .var "L23_x3", 9 0;
v000001f81aba4bc0_0 .var "L34_F", 9 0;
v000001f81aba4c60_0 .net "clk", 0 0, v000001f81abf5120_0;  1 drivers
E_000001f81ab5ca60 .event posedge, v000001f81aba4c60_0;
    .scope S_000001f81ab5b100;
T_0 ;
    %wait E_000001f81ab5ca60;
    %load/vec4 v000001f81ab5d4b0_0;
    %load/vec4 v000001f81ab72ce0_0;
    %add;
    %assign/vec4 v000001f81ab72f60_0, 4;
    %load/vec4 v000001f81ab72ce0_0;
    %load/vec4 v000001f81ab72d80_0;
    %sub;
    %assign/vec4 v000001f81ab73000_0, 4;
    %load/vec4 v000001f81ab5bb60_0;
    %assign/vec4 v000001f81ab72ec0_0, 0;
    %load/vec4 v000001f81ab72f60_0;
    %load/vec4 v000001f81ab73000_0;
    %add;
    %assign/vec4 v000001f81aba4b20_0, 4;
    %load/vec4 v000001f81ab72ec0_0;
    %assign/vec4 v000001f81ab730a0_0, 0;
    %load/vec4 v000001f81aba4b20_0;
    %load/vec4 v000001f81ab730a0_0;
    %mul;
    %assign/vec4 v000001f81aba4bc0_0, 6;
    %jmp T_0;
    .thread T_0;
    .scope S_000001f81ab5af70;
T_1 ;
    %delay 5, 0;
    %load/vec4 v000001f81abf5120_0;
    %inv;
    %store/vec4 v000001f81abf5120_0, 0, 1;
    %jmp T_1;
    .thread T_1;
    .scope S_000001f81ab5af70;
T_2 ;
    %pushi/vec4 0, 0, 1;
    %store/vec4 v000001f81abf5120_0, 0, 1;
    %pushi/vec4 0, 0, 10;
    %store/vec4 v000001f81aba4d00_0, 0, 10;
    %pushi/vec4 0, 0, 10;
    %store/vec4 v000001f81aba4da0_0, 0, 10;
    %pushi/vec4 0, 0, 10;
    %store/vec4 v000001f81aba4e40_0, 0, 10;
    %pushi/vec4 0, 0, 10;
    %store/vec4 v000001f81abf5ee0_0, 0, 10;
    %delay 10, 0;
    %pushi/vec4 10, 0, 10;
    %store/vec4 v000001f81aba4d00_0, 0, 10;
    %pushi/vec4 5, 0, 10;
    %store/vec4 v000001f81aba4da0_0, 0, 10;
    %pushi/vec4 3, 0, 10;
    %store/vec4 v000001f81aba4e40_0, 0, 10;
    %pushi/vec4 2, 0, 10;
    %store/vec4 v000001f81abf5ee0_0, 0, 10;
    %delay 10, 0;
    %pushi/vec4 20, 0, 10;
    %store/vec4 v000001f81aba4d00_0, 0, 10;
    %pushi/vec4 4, 0, 10;
    %store/vec4 v000001f81aba4da0_0, 0, 10;
    %pushi/vec4 1, 0, 10;
    %store/vec4 v000001f81aba4e40_0, 0, 10;
    %pushi/vec4 3, 0, 10;
    %store/vec4 v000001f81abf5ee0_0, 0, 10;
    %delay 10, 0;
    %pushi/vec4 7, 0, 10;
    %store/vec4 v000001f81aba4d00_0, 0, 10;
    %pushi/vec4 6, 0, 10;
    %store/vec4 v000001f81aba4da0_0, 0, 10;
    %pushi/vec4 2, 0, 10;
    %store/vec4 v000001f81aba4e40_0, 0, 10;
    %pushi/vec4 4, 0, 10;
    %store/vec4 v000001f81abf5ee0_0, 0, 10;
    %delay 10, 0;
    %pushi/vec4 15, 0, 10;
    %store/vec4 v000001f81aba4d00_0, 0, 10;
    %pushi/vec4 8, 0, 10;
    %store/vec4 v000001f81aba4da0_0, 0, 10;
    %pushi/vec4 5, 0, 10;
    %store/vec4 v000001f81aba4e40_0, 0, 10;
    %pushi/vec4 2, 0, 10;
    %store/vec4 v000001f81abf5ee0_0, 0, 10;
    %delay 100, 0;
    %vpi_call 2 47 "$stop" {0 0 0};
    %end;
    .thread T_2;
    .scope S_000001f81ab5af70;
T_3 ;
    %vpi_call 2 51 "$monitor", "Time=%0t | A=%d B=%d C=%d D=%d | F=%d", $time, v000001f81aba4d00_0, v000001f81aba4da0_0, v000001f81aba4e40_0, v000001f81abf5ee0_0, v000001f81abf58a0_0 {0 0 0};
    %end;
    .thread T_3;
# The file index is used to find the file name in the following table.
:file_names 3;
    "N/A";
    "<interactive>";
    "pipeline.v";
