#! /c/Source/iverilog-install/bin/vvp
:ivl_version "12.0 (devel)" "(s20150603-1110-g18392a46)";
:ivl_delay_selection "TYPICAL";
:vpi_time_precision + 0;
:vpi_module "C:\iverilog\lib\ivl\system.vpi";
:vpi_module "C:\iverilog\lib\ivl\vhdl_sys.vpi";
:vpi_module "C:\iverilog\lib\ivl\vhdl_textio.vpi";
:vpi_module "C:\iverilog\lib\ivl\v2005_math.vpi";
:vpi_module "C:\iverilog\lib\ivl\va_math.vpi";
S_000001ea4298ffb0 .scope module, "simuli5" "simuli5" 2 86;
 .timescale 0 0;
v000001ea429fd490_0 .var "addr", 7 0;
v000001ea429fd030_0 .var "clk1", 0 0;
v000001ea429fd210_0 .var "clk2", 0 0;
v000001ea429fd170_0 .var "func", 3 0;
v000001ea429fd7b0_0 .var/i "k", 31 0;
v000001ea429fd350_0 .var "rd", 3 0;
v000001ea429fd990_0 .var "rs1", 3 0;
v000001ea429fd530_0 .var "rs2", 3 0;
v000001ea429fd710_0 .net "zout", 15 0, L_000001ea4298ecf0;  1 drivers
S_000001ea429a1680 .scope module, "uut" "pipe5" 2 93, 2 1 0, S_000001ea4298ffb0;
 .timescale 0 0;
    .port_info 0 /OUTPUT 16 "zout";
    .port_info 1 /INPUT 4 "rs1";
    .port_info 2 /INPUT 4 "rs2";
    .port_info 3 /INPUT 4 "rd";
    .port_info 4 /INPUT 4 "func";
    .port_info 5 /INPUT 8 "addr";
    .port_info 6 /INPUT 1 "clk1";
    .port_info 7 /INPUT 1 "clk2";
L_000001ea4298ecf0 .functor BUFZ 16, v000001ea429fd5d0_0, C4<0000000000000000>, C4<0000000000000000>, C4<0000000000000000>;
v000001ea4294bf20_0 .net "addr", 7 0, v000001ea429fd490_0;  1 drivers
v000001ea42990140_0 .net "clk1", 0 0, v000001ea429fd030_0;  1 drivers
v000001ea42946b10_0 .net "clk2", 0 0, v000001ea429fd210_0;  1 drivers
v000001ea429a9920_0 .net "func", 3 0, v000001ea429fd170_0;  1 drivers
v000001ea4298f950_0 .var "l1a", 15 0;
v000001ea429a1810_0 .var "l1add", 7 0;
v000001ea429a18b0_0 .var "l1b", 15 0;
v000001ea429a1950_0 .var "l1func", 3 0;
v000001ea429a19f0_0 .var "l1rd", 3 0;
v000001ea429a1a90_0 .var "l2a", 15 0;
v000001ea429940d0_0 .var "l2add", 7 0;
v000001ea42994170_0 .var "l2b", 15 0;
v000001ea42994210_0 .var "l2func", 3 0;
v000001ea429fdad0_0 .var "l2rd", 3 0;
v000001ea429fdd50_0 .var "l3add", 7 0;
v000001ea429fde90_0 .var "l3rd", 3 0;
v000001ea429fd670_0 .var "l3z", 15 0;
v000001ea429fda30_0 .var "l4add", 7 0;
v000001ea429fdcb0_0 .var "l4rd", 3 0;
v000001ea429fd3f0_0 .var "l4z", 15 0;
v000001ea429fd5d0_0 .var "l5z", 15 0;
v000001ea429fdb70 .array "membank", 0 255, 15 0;
v000001ea429fddf0_0 .net "rd", 3 0, v000001ea429fd350_0;  1 drivers
v000001ea429fdc10 .array "regbank", 0 15, 15 0;
v000001ea429fd0d0_0 .net "rs1", 3 0, v000001ea429fd990_0;  1 drivers
v000001ea429fdf30_0 .net "rs2", 3 0, v000001ea429fd530_0;  1 drivers
v000001ea429fd2b0_0 .net "zout", 15 0, L_000001ea4298ecf0;  alias, 1 drivers
E_000001ea42992170 .event posedge, v000001ea42990140_0;
E_000001ea42992430 .event posedge, v000001ea42946b10_0;
    .scope S_000001ea429a1680;
T_0 ;
    %wait E_000001ea42992170;
    %load/vec4 v000001ea429fd0d0_0;
    %pad/u 6;
    %ix/vec4 4;
    %load/vec4a v000001ea429fdc10, 4;
    %assign/vec4 v000001ea4298f950_0, 2;
    %load/vec4 v000001ea429fdf30_0;
    %pad/u 6;
    %ix/vec4 4;
    %load/vec4a v000001ea429fdc10, 4;
    %assign/vec4 v000001ea429a18b0_0, 2;
    %load/vec4 v000001ea429fddf0_0;
    %assign/vec4 v000001ea429a19f0_0, 2;
    %load/vec4 v000001ea429a9920_0;
    %assign/vec4 v000001ea429a1950_0, 2;
    %load/vec4 v000001ea4294bf20_0;
    %assign/vec4 v000001ea429a1810_0, 2;
    %jmp T_0;
    .thread T_0;
    .scope S_000001ea429a1680;
T_1 ;
    %wait E_000001ea42992430;
    %load/vec4 v000001ea4298f950_0;
    %assign/vec4 v000001ea429a1a90_0, 2;
    %load/vec4 v000001ea429a18b0_0;
    %assign/vec4 v000001ea42994170_0, 2;
    %load/vec4 v000001ea429a19f0_0;
    %assign/vec4 v000001ea429fdad0_0, 2;
    %load/vec4 v000001ea429a1950_0;
    %assign/vec4 v000001ea42994210_0, 2;
    %load/vec4 v000001ea429a1810_0;
    %assign/vec4 v000001ea429940d0_0, 2;
    %jmp T_1;
    .thread T_1;
    .scope S_000001ea429a1680;
T_2 ;
    %wait E_000001ea42992170;
    %load/vec4 v000001ea42994210_0;
    %dup/vec4;
    %pushi/vec4 0, 0, 4;
    %cmp/u;
    %jmp/1 T_2.0, 6;
    %dup/vec4;
    %pushi/vec4 1, 0, 4;
    %cmp/u;
    %jmp/1 T_2.1, 6;
    %dup/vec4;
    %pushi/vec4 2, 0, 4;
    %cmp/u;
    %jmp/1 T_2.2, 6;
    %dup/vec4;
    %pushi/vec4 3, 0, 4;
    %cmp/u;
    %jmp/1 T_2.3, 6;
    %dup/vec4;
    %pushi/vec4 4, 0, 4;
    %cmp/u;
    %jmp/1 T_2.4, 6;
    %dup/vec4;
    %pushi/vec4 5, 0, 4;
    %cmp/u;
    %jmp/1 T_2.5, 6;
    %dup/vec4;
    %pushi/vec4 6, 0, 4;
    %cmp/u;
    %jmp/1 T_2.6, 6;
    %dup/vec4;
    %pushi/vec4 7, 0, 4;
    %cmp/u;
    %jmp/1 T_2.7, 6;
    %dup/vec4;
    %pushi/vec4 8, 0, 4;
    %cmp/u;
    %jmp/1 T_2.8, 6;
    %dup/vec4;
    %pushi/vec4 9, 0, 4;
    %cmp/u;
    %jmp/1 T_2.9, 6;
    %dup/vec4;
    %pushi/vec4 10, 0, 4;
    %cmp/u;
    %jmp/1 T_2.10, 6;
    %dup/vec4;
    %pushi/vec4 11, 0, 4;
    %cmp/u;
    %jmp/1 T_2.11, 6;
    %pushi/vec4 65535, 65535, 16;
    %assign/vec4 v000001ea429fd670_0, 0;
    %jmp T_2.13;
T_2.0 ;
    %load/vec4 v000001ea429a1a90_0;
    %load/vec4 v000001ea42994170_0;
    %add;
    %assign/vec4 v000001ea429fd670_0, 2;
    %jmp T_2.13;
T_2.1 ;
    %load/vec4 v000001ea429a1a90_0;
    %load/vec4 v000001ea42994170_0;
    %sub;
    %assign/vec4 v000001ea429fd670_0, 2;
    %jmp T_2.13;
T_2.2 ;
    %load/vec4 v000001ea429a1a90_0;
    %load/vec4 v000001ea42994170_0;
    %mul;
    %assign/vec4 v000001ea429fd670_0, 2;
    %jmp T_2.13;
T_2.3 ;
    %load/vec4 v000001ea429a1a90_0;
    %assign/vec4 v000001ea429fd670_0, 2;
    %jmp T_2.13;
T_2.4 ;
    %load/vec4 v000001ea42994170_0;
    %assign/vec4 v000001ea429fd670_0, 2;
    %jmp T_2.13;
T_2.5 ;
    %load/vec4 v000001ea429a1a90_0;
    %load/vec4 v000001ea42994170_0;
    %and;
    %assign/vec4 v000001ea429fd670_0, 2;
    %jmp T_2.13;
T_2.6 ;
    %load/vec4 v000001ea429a1a90_0;
    %load/vec4 v000001ea42994170_0;
    %or;
    %assign/vec4 v000001ea429fd670_0, 2;
    %jmp T_2.13;
T_2.7 ;
    %load/vec4 v000001ea429a1a90_0;
    %load/vec4 v000001ea42994170_0;
    %xor;
    %assign/vec4 v000001ea429fd670_0, 2;
    %jmp T_2.13;
T_2.8 ;
    %load/vec4 v000001ea429a1a90_0;
    %inv;
    %assign/vec4 v000001ea429fd670_0, 2;
    %jmp T_2.13;
T_2.9 ;
    %load/vec4 v000001ea42994170_0;
    %inv;
    %assign/vec4 v000001ea429fd670_0, 2;
    %jmp T_2.13;
T_2.10 ;
    %load/vec4 v000001ea429a1a90_0;
    %ix/load 4, 1, 0;
    %flag_set/imm 4, 0;
    %shiftr 4;
    %assign/vec4 v000001ea429fd670_0, 2;
    %jmp T_2.13;
T_2.11 ;
    %load/vec4 v000001ea42994170_0;
    %ix/load 4, 1, 0;
    %flag_set/imm 4, 0;
    %shiftl 4;
    %assign/vec4 v000001ea429fd670_0, 2;
    %jmp T_2.13;
T_2.13 ;
    %pop/vec4 1;
    %load/vec4 v000001ea429fdad0_0;
    %assign/vec4 v000001ea429fde90_0, 2;
    %load/vec4 v000001ea429940d0_0;
    %assign/vec4 v000001ea429fdd50_0, 2;
    %jmp T_2;
    .thread T_2;
    .scope S_000001ea429a1680;
T_3 ;
    %wait E_000001ea42992430;
    %load/vec4 v000001ea429fd670_0;
    %assign/vec4 v000001ea429fd3f0_0, 2;
    %load/vec4 v000001ea429fde90_0;
    %assign/vec4 v000001ea429fdcb0_0, 2;
    %load/vec4 v000001ea429fdd50_0;
    %assign/vec4 v000001ea429fda30_0, 2;
    %load/vec4 v000001ea429fd670_0;
    %load/vec4 v000001ea429fdd50_0;
    %pad/u 10;
    %ix/vec4 3;
    %ix/load 4, 2, 0; Constant delay
    %assign/vec4/a/d v000001ea429fdb70, 0, 4;
    %jmp T_3;
    .thread T_3;
    .scope S_000001ea429a1680;
T_4 ;
    %wait E_000001ea42992170;
    %load/vec4 v000001ea429fd3f0_0;
    %assign/vec4 v000001ea429fd5d0_0, 2;
    %load/vec4 v000001ea429fd3f0_0;
    %load/vec4 v000001ea429fdcb0_0;
    %pad/u 6;
    %ix/vec4 3;
    %ix/load 4, 2, 0; Constant delay
    %assign/vec4/a/d v000001ea429fdc10, 0, 4;
    %jmp T_4;
    .thread T_4;
    .scope S_000001ea4298ffb0;
T_5 ;
    %pushi/vec4 1, 0, 1;
    %store/vec4 v000001ea429fd030_0, 0, 1;
    %end;
    .thread T_5;
    .scope S_000001ea4298ffb0;
T_6 ;
    %pushi/vec4 0, 0, 1;
    %store/vec4 v000001ea429fd210_0, 0, 1;
    %end;
    .thread T_6;
    .scope S_000001ea4298ffb0;
T_7 ;
    %delay 10, 0;
    %load/vec4 v000001ea429fd030_0;
    %inv;
    %store/vec4 v000001ea429fd030_0, 0, 1;
    %jmp T_7;
    .thread T_7;
    .scope S_000001ea4298ffb0;
T_8 ;
    %delay 10, 0;
    %load/vec4 v000001ea429fd210_0;
    %inv;
    %store/vec4 v000001ea429fd210_0, 0, 1;
    %jmp T_8;
    .thread T_8;
    .scope S_000001ea4298ffb0;
T_9 ;
    %pushi/vec4 0, 0, 32;
    %store/vec4 v000001ea429fd7b0_0, 0, 32;
T_9.0 ;
    %load/vec4 v000001ea429fd7b0_0;
    %cmpi/s 16, 0, 32;
    %jmp/0xz T_9.1, 5;
    %load/vec4 v000001ea429fd7b0_0;
    %pad/s 16;
    %ix/getv/s 4, v000001ea429fd7b0_0;
    %store/vec4a v000001ea429fdc10, 4, 0;
    %load/vec4 v000001ea429fd7b0_0;
    %addi 1, 0, 32;
    %store/vec4 v000001ea429fd7b0_0, 0, 32;
    %jmp T_9.0;
T_9.1 ;
    %end;
    .thread T_9;
    .scope S_000001ea4298ffb0;
T_10 ;
    %vpi_call 2 108 "$dumpfile", "pipe5.vcd" {0 0 0};
    %vpi_call 2 109 "$dumpvars", 32'sb00000000000000000000000000000000, S_000001ea4298ffb0 {0 0 0};
    %vpi_call 2 111 "$monitor", "T=%0t | rs1=%d rs2=%d rd=%d func=%d addr=%d zout=%d", $time, v000001ea429fd990_0, v000001ea429fd530_0, v000001ea429fd350_0, v000001ea429fd170_0, v000001ea429fd490_0, v000001ea429fd710_0 {0 0 0};
    %delay 20, 0;
    %pushi/vec4 6, 0, 4;
    %store/vec4 v000001ea429fd990_0, 0, 4;
    %pushi/vec4 1, 0, 4;
    %store/vec4 v000001ea429fd530_0, 0, 4;
    %pushi/vec4 10, 0, 4;
    %store/vec4 v000001ea429fd350_0, 0, 4;
    %pushi/vec4 125, 0, 8;
    %store/vec4 v000001ea429fd490_0, 0, 8;
    %pushi/vec4 2, 0, 4;
    %store/vec4 v000001ea429fd170_0, 0, 4;
    %delay 20, 0;
    %pushi/vec4 9, 0, 4;
    %store/vec4 v000001ea429fd990_0, 0, 4;
    %pushi/vec4 8, 0, 4;
    %store/vec4 v000001ea429fd530_0, 0, 4;
    %pushi/vec4 12, 0, 4;
    %store/vec4 v000001ea429fd350_0, 0, 4;
    %pushi/vec4 126, 0, 8;
    %store/vec4 v000001ea429fd490_0, 0, 8;
    %pushi/vec4 3, 0, 4;
    %store/vec4 v000001ea429fd170_0, 0, 4;
    %delay 20, 0;
    %pushi/vec4 2, 0, 4;
    %store/vec4 v000001ea429fd990_0, 0, 4;
    %pushi/vec4 4, 0, 4;
    %store/vec4 v000001ea429fd530_0, 0, 4;
    %pushi/vec4 13, 0, 4;
    %store/vec4 v000001ea429fd350_0, 0, 4;
    %pushi/vec4 125, 0, 8;
    %store/vec4 v000001ea429fd490_0, 0, 8;
    %pushi/vec4 4, 0, 4;
    %store/vec4 v000001ea429fd170_0, 0, 4;
    %delay 120, 0;
    %vpi_call 2 117 "$finish" {0 0 0};
    %end;
    .thread T_10;
# The file index is used to find the file name in the following table.
:file_names 3;
    "N/A";
    "<interactive>";
    "advancepipeline.v";
